{"contracts/atomicswap/AtomicSwapERC20.sol":{"l":{"32":1,"33":1,"37":1,"38":1,"42":0,"43":0,"47":0,"48":0,"53":1,"54":1,"58":1,"60":1,"61":1,"62":1,"65":1,"74":1,"75":1,"76":1,"81":1,"82":1,"83":1,"86":1,"87":1,"89":1,"94":0,"95":0,"98":0,"99":0,"101":0,"105":0,"106":0,"110":0,"111":0},"path":"/Users/ahiatsevich/Development/chronobank/LXsidechain-sc/contracts/atomicswap/AtomicSwapERC20.sol","s":{"1":1,"2":1,"3":0,"4":0,"5":1,"6":1,"7":1,"8":1,"9":1,"10":1,"11":1,"12":1,"13":1,"14":1,"15":1,"16":1,"17":1,"18":1,"19":1,"20":0,"21":0,"22":0,"23":0,"24":0,"25":0,"26":0,"27":0,"28":0},"b":{"1":[1,0],"2":[1,0],"3":[0,0],"4":[0,0],"5":[1,0],"6":[1,0],"7":[1,0],"8":[1,0],"9":[1,0],"10":[0,0]},"f":{"1":1,"2":1,"3":0,"4":0,"5":1,"6":1,"7":1,"8":0,"9":0,"10":0},"fnMap":{"1":{"name":"onlyInvalidSwaps","line":31,"loc":{"start":{"line":31,"column":2},"end":{"line":31,"column":44}}},"2":{"name":"onlyOpenSwaps","line":36,"loc":{"start":{"line":36,"column":2},"end":{"line":36,"column":41}}},"3":{"name":"onlyClosedSwaps","line":41,"loc":{"start":{"line":41,"column":2},"end":{"line":41,"column":43}}},"4":{"name":"onlyExpirableSwaps","line":46,"loc":{"start":{"line":46,"column":2},"end":{"line":46,"column":46}}},"5":{"name":"onlyWithSecretKey","line":51,"loc":{"start":{"line":51,"column":2},"end":{"line":51,"column":63}}},"6":{"name":"open","line":57,"loc":{"start":{"line":57,"column":2},"end":{"line":57,"column":182}}},"7":{"name":"close","line":79,"loc":{"start":{"line":79,"column":2},"end":{"line":79,"column":120}}},"8":{"name":"expire","line":92,"loc":{"start":{"line":92,"column":2},"end":{"line":92,"column":92}}},"9":{"name":"check","line":104,"loc":{"start":{"line":104,"column":2},"end":{"line":104,"column":166}}},"10":{"name":"checkSecretKey","line":109,"loc":{"start":{"line":109,"column":2},"end":{"line":109,"column":105}}}},"statementMap":{"1":{"start":{"line":32,"column":4},"end":{"line":32,"column":50}},"2":{"start":{"line":37,"column":4},"end":{"line":37,"column":47}},"3":{"start":{"line":42,"column":4},"end":{"line":42,"column":49}},"4":{"start":{"line":47,"column":4},"end":{"line":47,"column":43}},"5":{"start":{"line":53,"column":4},"end":{"line":53,"column":60}},"6":{"start":{"line":58,"column":4},"end":{"line":58,"column":49}},"7":{"start":{"line":60,"column":4},"end":{"line":60,"column":53}},"8":{"start":{"line":61,"column":4},"end":{"line":61,"column":77}},"9":{"start":{"line":62,"column":4},"end":{"line":62,"column":78}},"10":{"start":{"line":65,"column":4},"end":{"line":65,"column":1871}},"11":{"start":{"line":74,"column":4},"end":{"line":74,"column":24}},"12":{"start":{"line":75,"column":4},"end":{"line":75,"column":36}},"13":{"start":{"line":76,"column":4},"end":{"line":76,"column":52}},"14":{"start":{"line":81,"column":4},"end":{"line":81,"column":36}},"15":{"start":{"line":82,"column":4},"end":{"line":82,"column":40}},"16":{"start":{"line":83,"column":4},"end":{"line":83,"column":38}},"17":{"start":{"line":86,"column":4},"end":{"line":86,"column":57}},"18":{"start":{"line":87,"column":4},"end":{"line":87,"column":72}},"19":{"start":{"line":89,"column":4},"end":{"line":89,"column":35}},"20":{"start":{"line":94,"column":4},"end":{"line":94,"column":36}},"21":{"start":{"line":95,"column":4},"end":{"line":95,"column":39}},"22":{"start":{"line":98,"column":4},"end":{"line":98,"column":57}},"23":{"start":{"line":99,"column":4},"end":{"line":99,"column":69}},"24":{"start":{"line":101,"column":4},"end":{"line":101,"column":24}},"25":{"start":{"line":105,"column":4},"end":{"line":105,"column":36}},"26":{"start":{"line":106,"column":4},"end":{"line":106,"column":108}},"27":{"start":{"line":110,"column":4},"end":{"line":110,"column":36}},"28":{"start":{"line":111,"column":4},"end":{"line":111,"column":25}}},"branchMap":{"1":{"line":32,"type":"if","locations":[{"start":{"line":32,"column":4},"end":{"line":32,"column":4}},{"start":{"line":32,"column":4},"end":{"line":32,"column":4}}]},"2":{"line":37,"type":"if","locations":[{"start":{"line":37,"column":4},"end":{"line":37,"column":4}},{"start":{"line":37,"column":4},"end":{"line":37,"column":4}}]},"3":{"line":42,"type":"if","locations":[{"start":{"line":42,"column":4},"end":{"line":42,"column":4}},{"start":{"line":42,"column":4},"end":{"line":42,"column":4}}]},"4":{"line":47,"type":"if","locations":[{"start":{"line":47,"column":4},"end":{"line":47,"column":4}},{"start":{"line":47,"column":4},"end":{"line":47,"column":4}}]},"5":{"line":53,"type":"if","locations":[{"start":{"line":53,"column":4},"end":{"line":53,"column":4}},{"start":{"line":53,"column":4},"end":{"line":53,"column":4}}]},"6":{"line":58,"type":"if","locations":[{"start":{"line":58,"column":4},"end":{"line":58,"column":4}},{"start":{"line":58,"column":4},"end":{"line":58,"column":4}}]},"7":{"line":61,"type":"if","locations":[{"start":{"line":61,"column":4},"end":{"line":61,"column":4}},{"start":{"line":61,"column":4},"end":{"line":61,"column":4}}]},"8":{"line":62,"type":"if","locations":[{"start":{"line":62,"column":4},"end":{"line":62,"column":4}},{"start":{"line":62,"column":4},"end":{"line":62,"column":4}}]},"9":{"line":87,"type":"if","locations":[{"start":{"line":87,"column":4},"end":{"line":87,"column":4}},{"start":{"line":87,"column":4},"end":{"line":87,"column":4}}]},"10":{"line":99,"type":"if","locations":[{"start":{"line":99,"column":4},"end":{"line":99,"column":4}},{"start":{"line":99,"column":4},"end":{"line":99,"column":4}}]}}},"contracts/atomicswap/AtomicSwapERC20ToERC20.sol":{"l":{"31":0,"32":0,"36":0,"37":0,"42":0,"43":0,"44":0,"47":0,"55":0,"56":0,"58":0,"63":0,"64":0,"67":0,"68":0,"69":0,"72":0,"73":0,"75":0,"80":0,"81":0,"84":0,"85":0,"87":0,"91":0,"92":0},"path":"/Users/ahiatsevich/Development/chronobank/LXsidechain-sc/contracts/atomicswap/AtomicSwapERC20ToERC20.sol","s":{"1":0,"2":0,"3":0,"4":0,"5":0,"6":0,"7":0,"8":0,"9":0,"10":0,"11":0,"12":0,"13":0,"14":0,"15":0,"16":0,"17":0,"18":0,"19":0,"20":0,"21":0,"22":0,"23":0,"24":0},"b":{"1":[0,0],"2":[0,0],"3":[0,0],"4":[0,0],"5":[0,0],"6":[0,0],"7":[0,0],"8":[0,0]},"f":{"1":0,"2":0,"3":0,"4":0,"5":0,"6":0},"fnMap":{"1":{"name":"onlyInvalidSwaps","line":30,"loc":{"start":{"line":30,"column":2},"end":{"line":30,"column":44}}},"2":{"name":"onlyOpenSwaps","line":35,"loc":{"start":{"line":35,"column":2},"end":{"line":35,"column":41}}},"3":{"name":"open","line":40,"loc":{"start":{"line":40,"column":2},"end":{"line":40,"column":189}}},"4":{"name":"close","line":61,"loc":{"start":{"line":61,"column":2},"end":{"line":61,"column":63}}},"5":{"name":"expire","line":78,"loc":{"start":{"line":78,"column":2},"end":{"line":78,"column":64}}},"6":{"name":"check","line":90,"loc":{"start":{"line":90,"column":2},"end":{"line":90,"column":173}}}},"statementMap":{"1":{"start":{"line":31,"column":4},"end":{"line":31,"column":50}},"2":{"start":{"line":36,"column":4},"end":{"line":36,"column":47}},"3":{"start":{"line":42,"column":4},"end":{"line":42,"column":56}},"4":{"start":{"line":43,"column":4},"end":{"line":43,"column":80}},"5":{"start":{"line":44,"column":4},"end":{"line":44,"column":81}},"6":{"start":{"line":47,"column":4},"end":{"line":47,"column":1368}},"7":{"start":{"line":55,"column":4},"end":{"line":55,"column":24}},"8":{"start":{"line":56,"column":4},"end":{"line":56,"column":36}},"9":{"start":{"line":58,"column":4},"end":{"line":58,"column":36}},"10":{"start":{"line":63,"column":4},"end":{"line":63,"column":36}},"11":{"start":{"line":64,"column":4},"end":{"line":64,"column":38}},"12":{"start":{"line":67,"column":4},"end":{"line":67,"column":62}},"13":{"start":{"line":68,"column":4},"end":{"line":68,"column":92}},"14":{"start":{"line":69,"column":4},"end":{"line":69,"column":95}},"15":{"start":{"line":72,"column":4},"end":{"line":72,"column":60}},"16":{"start":{"line":73,"column":4},"end":{"line":73,"column":72}},"17":{"start":{"line":75,"column":4},"end":{"line":75,"column":23}},"18":{"start":{"line":80,"column":4},"end":{"line":80,"column":36}},"19":{"start":{"line":81,"column":4},"end":{"line":81,"column":39}},"20":{"start":{"line":84,"column":4},"end":{"line":84,"column":60}},"21":{"start":{"line":85,"column":4},"end":{"line":85,"column":71}},"22":{"start":{"line":87,"column":4},"end":{"line":87,"column":24}},"23":{"start":{"line":91,"column":4},"end":{"line":91,"column":36}},"24":{"start":{"line":92,"column":4},"end":{"line":92,"column":115}}},"branchMap":{"1":{"line":31,"type":"if","locations":[{"start":{"line":31,"column":4},"end":{"line":31,"column":4}},{"start":{"line":31,"column":4},"end":{"line":31,"column":4}}]},"2":{"line":36,"type":"if","locations":[{"start":{"line":36,"column":4},"end":{"line":36,"column":4}},{"start":{"line":36,"column":4},"end":{"line":36,"column":4}}]},"3":{"line":43,"type":"if","locations":[{"start":{"line":43,"column":4},"end":{"line":43,"column":4}},{"start":{"line":43,"column":4},"end":{"line":43,"column":4}}]},"4":{"line":44,"type":"if","locations":[{"start":{"line":44,"column":4},"end":{"line":44,"column":4}},{"start":{"line":44,"column":4},"end":{"line":44,"column":4}}]},"5":{"line":68,"type":"if","locations":[{"start":{"line":68,"column":4},"end":{"line":68,"column":4}},{"start":{"line":68,"column":4},"end":{"line":68,"column":4}}]},"6":{"line":69,"type":"if","locations":[{"start":{"line":69,"column":4},"end":{"line":69,"column":4}},{"start":{"line":69,"column":4},"end":{"line":69,"column":4}}]},"7":{"line":73,"type":"if","locations":[{"start":{"line":73,"column":4},"end":{"line":73,"column":4}},{"start":{"line":73,"column":4},"end":{"line":73,"column":4}}]},"8":{"line":85,"type":"if","locations":[{"start":{"line":85,"column":4},"end":{"line":85,"column":4}},{"start":{"line":85,"column":4},"end":{"line":85,"column":4}}]}}},"contracts/common/BaseManager.sol":{"l":{"20":6,"24":1,"28":150},"path":"/Users/ahiatsevich/Development/chronobank/LXsidechain-sc/contracts/common/BaseManager.sol","s":{"1":6,"2":1,"3":150},"b":{},"f":{"1":6,"2":1,"3":150},"fnMap":{"1":{"name":null,"line":19,"loc":{"start":{"line":19,"column":4},"end":{"line":19,"column":83}}},"2":{"name":"setEventsHistory","line":23,"loc":{"start":{"line":23,"column":4},"end":{"line":23,"column":78}}},"3":{"name":"getEventsHistory","line":27,"loc":{"start":{"line":27,"column":4},"end":{"line":27,"column":59}}}},"statementMap":{"1":{"start":{"line":20,"column":8},"end":{"line":20,"column":27}},"2":{"start":{"line":24,"column":8},"end":{"line":24,"column":37}},"3":{"start":{"line":28,"column":8},"end":{"line":28,"column":28}}},"branchMap":{}},"contracts/common/BaseRouter.sol":{"l":{"13":0,"15":0},"path":"/Users/ahiatsevich/Development/chronobank/LXsidechain-sc/contracts/common/BaseRouter.sol","s":{"1":0},"b":{},"f":{"1":0},"fnMap":{"1":{"name":null,"line":12,"loc":{"start":{"line":12,"column":4},"end":{"line":12,"column":29}}}},"statementMap":{"1":{"start":{"line":13,"column":8},"end":{"line":13,"column":35}}},"branchMap":{}},"contracts/common/ListenerInterface.sol":{"l":{},"path":"/Users/ahiatsevich/Development/chronobank/LXsidechain-sc/contracts/common/ListenerInterface.sol","s":{},"b":{},"f":{},"fnMap":{},"statementMap":{},"branchMap":{}},"contracts/common/Object.sol":{"l":{},"path":"/Users/ahiatsevich/Development/chronobank/LXsidechain-sc/contracts/common/Object.sol","s":{},"b":{},"f":{},"fnMap":{},"statementMap":{},"branchMap":{}},"contracts/common/OwnedInterface.sol":{"l":{},"path":"/Users/ahiatsevich/Development/chronobank/LXsidechain-sc/contracts/common/OwnedInterface.sol","s":{},"b":{},"f":{},"fnMap":{},"statementMap":{},"branchMap":{}},"contracts/event/MultiEventsHistory.sol":{"l":{"24":25,"25":25,"37":25,"38":0,"40":25,"41":25,"50":0,"62":96,"63":0,"67":96,"68":0},"path":"/Users/ahiatsevich/Development/chronobank/LXsidechain-sc/contracts/event/MultiEventsHistory.sol","s":{"1":25,"2":25,"3":0,"4":25,"5":25,"6":96,"7":0,"8":96,"9":0},"b":{"1":[25,0],"2":[0,25],"3":[0,96],"4":[0,96]},"f":{"1":25,"2":25,"3":0,"4":96},"fnMap":{"1":{"name":"onlyAuthorized","line":23,"loc":{"start":{"line":23,"column":4},"end":{"line":23,"column":25}}},"2":{"name":"authorize","line":36,"loc":{"start":{"line":36,"column":4},"end":{"line":36,"column":76}}},"3":{"name":"reject","line":49,"loc":{"start":{"line":49,"column":4},"end":{"line":49,"column":58}}},"4":{"name":null,"line":61,"loc":{"start":{"line":61,"column":4},"end":{"line":61,"column":30}}}},"statementMap":{"1":{"start":{"line":24,"column":8},"end":{"line":24,"column":687}},"2":{"start":{"line":37,"column":8},"end":{"line":37,"column":1011}},"3":{"start":{"line":38,"column":12},"end":{"line":38,"column":24}},"4":{"start":{"line":40,"column":8},"end":{"line":40,"column":35}},"5":{"start":{"line":41,"column":8},"end":{"line":41,"column":19}},"6":{"start":{"line":62,"column":8},"end":{"line":62,"column":1595}},"7":{"start":{"line":63,"column":12},"end":{"line":63,"column":18}},"8":{"start":{"line":67,"column":8},"end":{"line":67,"column":1792}},"9":{"start":{"line":68,"column":12},"end":{"line":68,"column":19}}},"branchMap":{"1":{"line":24,"type":"if","locations":[{"start":{"line":24,"column":8},"end":{"line":24,"column":8}},{"start":{"line":24,"column":8},"end":{"line":24,"column":8}}]},"2":{"line":37,"type":"if","locations":[{"start":{"line":37,"column":8},"end":{"line":37,"column":8}},{"start":{"line":37,"column":8},"end":{"line":37,"column":8}}]},"3":{"line":62,"type":"if","locations":[{"start":{"line":62,"column":8},"end":{"line":62,"column":8}},{"start":{"line":62,"column":8},"end":{"line":62,"column":8}}]},"4":{"line":67,"type":"if","locations":[{"start":{"line":67,"column":8},"end":{"line":67,"column":8}},{"start":{"line":67,"column":8},"end":{"line":67,"column":8}}]}}},"contracts/event/MultiEventsHistoryAdapter.sol":{"l":{"18":17},"path":"/Users/ahiatsevich/Development/chronobank/LXsidechain-sc/contracts/event/MultiEventsHistoryAdapter.sol","s":{"1":17},"b":{},"f":{"1":17},"fnMap":{"1":{"name":"_self","line":17,"loc":{"start":{"line":17,"column":4},"end":{"line":17,"column":50}}}},"statementMap":{"1":{"start":{"line":18,"column":8},"end":{"line":18,"column":25}}},"branchMap":{}},"contracts/genesis/blockreward/IBlockReward.sol":{"l":{},"path":"/Users/ahiatsevich/Development/chronobank/LXsidechain-sc/contracts/genesis/blockreward/IBlockReward.sol","s":{},"b":{},"f":{},"fnMap":{},"statementMap":{},"branchMap":{}},"contracts/genesis/blockreward/LXBlockReward.sol":{"l":{"18":10,"19":10,"23":2,"24":2,"34":10,"36":10,"38":10,"39":10,"40":10,"42":0,"46":10,"50":1},"path":"/Users/ahiatsevich/Development/chronobank/LXsidechain-sc/contracts/genesis/blockreward/LXBlockReward.sol","s":{"1":10,"2":2,"3":2,"4":10,"5":10,"6":10,"7":10,"8":10,"9":0,"10":10,"11":1},"b":{"1":[10,0],"2":[2,0],"3":[10,0],"4":[10,0]},"f":{"1":10,"2":2,"3":10,"4":1},"fnMap":{"1":{"name":"onlySystem","line":17,"loc":{"start":{"line":17,"column":4},"end":{"line":17,"column":21}}},"2":{"name":null,"line":22,"loc":{"start":{"line":22,"column":4},"end":{"line":22,"column":36}}},"3":{"name":"reward","line":29,"loc":{"start":{"line":29,"column":4},"end":{"line":33,"column":5}}},"4":{"name":"setDataProvider","line":49,"loc":{"start":{"line":49,"column":4},"end":{"line":49,"column":76}}}},"statementMap":{"1":{"start":{"line":18,"column":8},"end":{"line":18,"column":44}},"2":{"start":{"line":23,"column":8},"end":{"line":23,"column":29}},"3":{"start":{"line":24,"column":8},"end":{"line":24,"column":29}},"4":{"start":{"line":34,"column":8},"end":{"line":34,"column":49}},"5":{"start":{"line":36,"column":8},"end":{"line":36,"column":67}},"6":{"start":{"line":38,"column":8},"end":{"line":38,"column":1006}},"7":{"start":{"line":39,"column":12},"end":{"line":39,"column":1066}},"8":{"start":{"line":40,"column":16},"end":{"line":40,"column":92}},"9":{"start":{"line":42,"column":16},"end":{"line":42,"column":29}},"10":{"start":{"line":46,"column":8},"end":{"line":46,"column":37}},"11":{"start":{"line":50,"column":8},"end":{"line":50,"column":35}}},"branchMap":{"1":{"line":18,"type":"if","locations":[{"start":{"line":18,"column":8},"end":{"line":18,"column":8}},{"start":{"line":18,"column":8},"end":{"line":18,"column":8}}]},"2":{"line":23,"type":"if","locations":[{"start":{"line":23,"column":8},"end":{"line":23,"column":8}},{"start":{"line":23,"column":8},"end":{"line":23,"column":8}}]},"3":{"line":34,"type":"if","locations":[{"start":{"line":34,"column":8},"end":{"line":34,"column":8}},{"start":{"line":34,"column":8},"end":{"line":34,"column":8}}]},"4":{"line":39,"type":"if","locations":[{"start":{"line":39,"column":12},"end":{"line":39,"column":12}},{"start":{"line":39,"column":12},"end":{"line":39,"column":12}}]}}},"contracts/genesis/validatorset/ILXValidatorSet.sol":{"l":{},"path":"/Users/ahiatsevich/Development/chronobank/LXsidechain-sc/contracts/genesis/validatorset/ILXValidatorSet.sol","s":{},"b":{},"f":{},"fnMap":{},"statementMap":{},"branchMap":{}},"contracts/genesis/validatorset/IValidatorSet.sol":{"l":{},"path":"/Users/ahiatsevich/Development/chronobank/LXsidechain-sc/contracts/genesis/validatorset/IValidatorSet.sol","s":{},"b":{},"f":{},"fnMap":{},"statementMap":{},"branchMap":{}},"contracts/genesis/validatorset/LXValidatorSet.sol":{"l":{"37":11,"38":11,"42":0,"43":0,"47":0,"52":0,"53":0,"57":31,"58":31,"62":2,"63":2,"72":20,"73":20,"82":31,"83":31,"93":31,"94":31,"101":11,"102":11,"105":11,"106":11,"118":0,"128":0,"137":0,"144":1,"152":0},"path":"/Users/ahiatsevich/Development/chronobank/LXsidechain-sc/contracts/genesis/validatorset/LXValidatorSet.sol","s":{"1":11,"2":0,"3":0,"4":0,"5":31,"6":2,"7":2,"8":20,"9":20,"10":31,"11":31,"12":31,"13":31,"14":11,"15":11,"16":11,"17":11,"18":0,"19":0,"20":0,"21":1,"22":0},"b":{"1":[11,0],"2":[0,0],"3":[0,0],"4":[0,0],"5":[31,0],"6":[2,0],"7":[20,0],"8":[31,0],"9":[11,0]},"f":{"1":11,"2":0,"3":0,"4":0,"5":31,"6":2,"7":20,"8":31,"9":31,"10":11,"11":0,"12":0,"13":0,"14":1,"15":0},"fnMap":{"1":{"name":"only_system_and_not_finalized","line":36,"loc":{"start":{"line":36,"column":4},"end":{"line":36,"column":42}}},"2":{"name":"onlyFinalized","line":41,"loc":{"start":{"line":41,"column":4},"end":{"line":41,"column":26}}},"3":{"name":"onlyValidator","line":46,"loc":{"start":{"line":46,"column":4},"end":{"line":46,"column":42}}},"4":{"name":"onlyRecent","line":51,"loc":{"start":{"line":51,"column":4},"end":{"line":51,"column":40}}},"5":{"name":"onlyBackend","line":56,"loc":{"start":{"line":56,"column":4},"end":{"line":56,"column":22}}},"6":{"name":null,"line":61,"loc":{"start":{"line":61,"column":4},"end":{"line":61,"column":36}}},"7":{"name":"getValidators","line":67,"loc":{"start":{"line":67,"column":4},"end":{"line":71,"column":5}}},"8":{"name":"getPending","line":77,"loc":{"start":{"line":77,"column":4},"end":{"line":81,"column":5}}},"9":{"name":"initiateChange","line":88,"loc":{"start":{"line":88,"column":4},"end":{"line":92,"column":5}}},"10":{"name":"finalizeChange","line":97,"loc":{"start":{"line":97,"column":4},"end":{"line":100,"column":5}}},"11":{"name":"reportMalicious","line":112,"loc":{"start":{"line":112,"column":4},"end":{"line":116,"column":5}}},"12":{"name":"reportBenign","line":122,"loc":{"start":{"line":122,"column":4},"end":{"line":127,"column":5}}},"13":{"name":"setRecentBlocks","line":133,"loc":{"start":{"line":133,"column":4},"end":{"line":136,"column":5}}},"14":{"name":"setBackend","line":140,"loc":{"start":{"line":140,"column":4},"end":{"line":143,"column":5}}},"15":{"name":"backend","line":147,"loc":{"start":{"line":147,"column":4},"end":{"line":151,"column":5}}}},"statementMap":{"1":{"start":{"line":37,"column":8},"end":{"line":37,"column":57}},"2":{"start":{"line":42,"column":8},"end":{"line":42,"column":25}},"3":{"start":{"line":47,"column":8},"end":{"line":47,"column":1667}},"4":{"start":{"line":52,"column":8},"end":{"line":52,"column":59}},"5":{"start":{"line":57,"column":8},"end":{"line":57,"column":44}},"6":{"start":{"line":62,"column":8},"end":{"line":62,"column":29}},"7":{"start":{"line":63,"column":8},"end":{"line":63,"column":29}},"8":{"start":{"line":72,"column":8},"end":{"line":72,"column":2186}},"9":{"start":{"line":73,"column":12},"end":{"line":73,"column":69}},"10":{"start":{"line":82,"column":8},"end":{"line":82,"column":2387}},"11":{"start":{"line":83,"column":12},"end":{"line":83,"column":66}},"12":{"start":{"line":93,"column":8},"end":{"line":93,"column":24}},"13":{"start":{"line":94,"column":8},"end":{"line":94,"column":70}},"14":{"start":{"line":101,"column":8},"end":{"line":101,"column":2827}},"15":{"start":{"line":102,"column":12},"end":{"line":102,"column":45}},"16":{"start":{"line":105,"column":8},"end":{"line":105,"column":23}},"17":{"start":{"line":106,"column":8},"end":{"line":106,"column":50}},"18":{"start":{"line":118,"column":8},"end":{"line":118,"column":49}},"19":{"start":{"line":128,"column":8},"end":{"line":128,"column":50}},"20":{"start":{"line":137,"column":8},"end":{"line":137,"column":35}},"21":{"start":{"line":144,"column":8},"end":{"line":144,"column":32}},"22":{"start":{"line":152,"column":8},"end":{"line":152,"column":29}}},"branchMap":{"1":{"line":37,"type":"if","locations":[{"start":{"line":37,"column":8},"end":{"line":37,"column":8}},{"start":{"line":37,"column":8},"end":{"line":37,"column":8}}]},"2":{"line":42,"type":"if","locations":[{"start":{"line":42,"column":8},"end":{"line":42,"column":8}},{"start":{"line":42,"column":8},"end":{"line":42,"column":8}}]},"3":{"line":47,"type":"if","locations":[{"start":{"line":47,"column":8},"end":{"line":47,"column":8}},{"start":{"line":47,"column":8},"end":{"line":47,"column":8}}]},"4":{"line":52,"type":"if","locations":[{"start":{"line":52,"column":8},"end":{"line":52,"column":8}},{"start":{"line":52,"column":8},"end":{"line":52,"column":8}}]},"5":{"line":57,"type":"if","locations":[{"start":{"line":57,"column":8},"end":{"line":57,"column":8}},{"start":{"line":57,"column":8},"end":{"line":57,"column":8}}]},"6":{"line":62,"type":"if","locations":[{"start":{"line":62,"column":8},"end":{"line":62,"column":8}},{"start":{"line":62,"column":8},"end":{"line":62,"column":8}}]},"7":{"line":72,"type":"if","locations":[{"start":{"line":72,"column":8},"end":{"line":72,"column":8}},{"start":{"line":72,"column":8},"end":{"line":72,"column":8}}]},"8":{"line":82,"type":"if","locations":[{"start":{"line":82,"column":8},"end":{"line":82,"column":8}},{"start":{"line":82,"column":8},"end":{"line":82,"column":8}}]},"9":{"line":101,"type":"if","locations":[{"start":{"line":101,"column":8},"end":{"line":101,"column":8}},{"start":{"line":101,"column":8},"end":{"line":101,"column":8}}]}}},"contracts/helper/FakeCoin.sol":{"l":{"17":10,"18":10,"22":0,"26":0,"30":0,"34":35,"38":79,"39":1,"41":78,"42":78,"43":78,"44":78,"48":0,"52":0,"53":0,"58":9},"path":"/Users/ahiatsevich/Development/chronobank/LXsidechain-sc/contracts/helper/FakeCoin.sol","s":{"1":10,"2":10,"3":0,"4":0,"5":0,"6":35,"7":79,"8":1,"9":78,"10":78,"11":78,"12":78,"13":0,"14":0,"15":0,"16":9},"b":{"1":[1,78],"2":[0,0]},"f":{"1":10,"2":0,"3":0,"4":0,"5":35,"6":79,"7":0,"8":0,"9":9},"fnMap":{"1":{"name":"mint","line":16,"loc":{"start":{"line":16,"column":4},"end":{"line":16,"column":48}}},"2":{"name":"totalSupply","line":21,"loc":{"start":{"line":21,"column":4},"end":{"line":21,"column":51}}},"3":{"name":"symbol","line":25,"loc":{"start":{"line":25,"column":4},"end":{"line":25,"column":48}}},"4":{"name":"decimals","line":29,"loc":{"start":{"line":29,"column":4},"end":{"line":29,"column":48}}},"5":{"name":"transfer","line":33,"loc":{"start":{"line":33,"column":4},"end":{"line":33,"column":67}}},"6":{"name":"transferFrom","line":37,"loc":{"start":{"line":37,"column":4},"end":{"line":37,"column":86}}},"7":{"name":"balanceEth","line":47,"loc":{"start":{"line":47,"column":4},"end":{"line":47,"column":66}}},"8":{"name":null,"line":51,"loc":{"start":{"line":51,"column":4},"end":{"line":51,"column":27}}},"9":{"name":"allowance","line":57,"loc":{"start":{"line":57,"column":4},"end":{"line":57,"column":82}}}},"statementMap":{"1":{"start":{"line":17,"column":8},"end":{"line":17,"column":31}},"2":{"start":{"line":18,"column":8},"end":{"line":18,"column":40}},"3":{"start":{"line":22,"column":8},"end":{"line":22,"column":16}},"4":{"start":{"line":26,"column":8},"end":{"line":26,"column":21}},"5":{"start":{"line":30,"column":8},"end":{"line":30,"column":16}},"6":{"start":{"line":34,"column":8},"end":{"line":34,"column":52}},"7":{"start":{"line":38,"column":8},"end":{"line":38,"column":908}},"8":{"start":{"line":39,"column":12},"end":{"line":39,"column":24}},"9":{"start":{"line":41,"column":8},"end":{"line":41,"column":33}},"10":{"start":{"line":42,"column":8},"end":{"line":42,"column":31}},"11":{"start":{"line":43,"column":8},"end":{"line":43,"column":41}},"12":{"start":{"line":44,"column":8},"end":{"line":44,"column":19}},"13":{"start":{"line":48,"column":8},"end":{"line":48,"column":31}},"14":{"start":{"line":52,"column":8},"end":{"line":52,"column":1269}},"15":{"start":{"line":53,"column":12},"end":{"line":53,"column":19}},"16":{"start":{"line":58,"column":8},"end":{"line":58,"column":33}}},"branchMap":{"1":{"line":38,"type":"if","locations":[{"start":{"line":38,"column":8},"end":{"line":38,"column":8}},{"start":{"line":38,"column":8},"end":{"line":38,"column":8}}]},"2":{"line":52,"type":"if","locations":[{"start":{"line":52,"column":8},"end":{"line":52,"column":8}},{"start":{"line":52,"column":8},"end":{"line":52,"column":8}}]}}},"contracts/helper/FakeCoin2.sol":{"l":{"16":0},"path":"/Users/ahiatsevich/Development/chronobank/LXsidechain-sc/contracts/helper/FakeCoin2.sol","s":{"1":0},"b":{},"f":{"1":0},"fnMap":{"1":{"name":"symbol","line":15,"loc":{"start":{"line":15,"column":4},"end":{"line":15,"column":48}}}},"statementMap":{"1":{"start":{"line":16,"column":8},"end":{"line":16,"column":22}}},"branchMap":{}},"contracts/helper/FakeCoin3.sol":{"l":{"16":0},"path":"/Users/ahiatsevich/Development/chronobank/LXsidechain-sc/contracts/helper/FakeCoin3.sol","s":{"1":0},"b":{},"f":{"1":0},"fnMap":{"1":{"name":"symbol","line":15,"loc":{"start":{"line":15,"column":4},"end":{"line":15,"column":48}}}},"statementMap":{"1":{"start":{"line":16,"column":8},"end":{"line":16,"column":22}}},"branchMap":{}},"contracts/helper/LXBlockRewardTestable.sol":{"l":{},"path":"/Users/ahiatsevich/Development/chronobank/LXsidechain-sc/contracts/helper/LXBlockRewardTestable.sol","s":{},"b":{},"f":{"1":1},"fnMap":{"1":{"name":null,"line":11,"loc":{"start":{"line":11,"column":4},"end":{"line":13,"column":12}}}},"statementMap":{},"branchMap":{}},"contracts/helper/LXValidatorSetTestable.sol":{"l":{},"path":"/Users/ahiatsevich/Development/chronobank/LXsidechain-sc/contracts/helper/LXValidatorSetTestable.sol","s":{},"b":{},"f":{"1":1},"fnMap":{"1":{"name":null,"line":23,"loc":{"start":{"line":23,"column":4},"end":{"line":25,"column":12}}}},"statementMap":{},"branchMap":{}},"contracts/helper/ManagerMock.sol":{"l":{"13":0,"17":1017,"18":0,"19":0,"21":1017,"25":0},"path":"/Users/ahiatsevich/Development/chronobank/LXsidechain-sc/contracts/helper/ManagerMock.sol","s":{"1":0,"2":1017,"3":0,"4":0,"5":1017,"6":0},"b":{"1":[0,1017]},"f":{"1":0,"2":1017,"3":0},"fnMap":{"1":{"name":"deny","line":12,"loc":{"start":{"line":12,"column":4},"end":{"line":12,"column":24}}},"2":{"name":"isAllowed","line":16,"loc":{"start":{"line":16,"column":4},"end":{"line":16,"column":60}}},"3":{"name":"hasAccess","line":24,"loc":{"start":{"line":24,"column":4},"end":{"line":24,"column":56}}}},"statementMap":{"1":{"start":{"line":13,"column":8},"end":{"line":13,"column":20}},"2":{"start":{"line":17,"column":8},"end":{"line":17,"column":299}},"3":{"start":{"line":18,"column":12},"end":{"line":18,"column":25}},"4":{"start":{"line":19,"column":12},"end":{"line":19,"column":24}},"5":{"start":{"line":21,"column":8},"end":{"line":21,"column":19}},"6":{"start":{"line":25,"column":8},"end":{"line":25,"column":19}}},"branchMap":{"1":{"line":17,"type":"if","locations":[{"start":{"line":17,"column":8},"end":{"line":17,"column":8}},{"start":{"line":17,"column":8},"end":{"line":17,"column":8}}]}}},"contracts/helper/SHA256Helper.sol":{"l":{"5":0},"path":"/Users/ahiatsevich/Development/chronobank/LXsidechain-sc/contracts/helper/SHA256Helper.sol","s":{"1":0},"b":{},"f":{"1":0},"fnMap":{"1":{"name":"calc_sha256","line":4,"loc":{"start":{"line":4,"column":4},"end":{"line":4,"column":70}}}},"statementMap":{"1":{"start":{"line":5,"column":8},"end":{"line":5,"column":31}}},"branchMap":{}},"contracts/lib/SafeMath.sol":{"l":{"15":6,"16":6,"17":6,"22":0,"24":0,"28":75,"29":75,"33":149,"34":149,"35":149},"path":"/Users/ahiatsevich/Development/chronobank/LXsidechain-sc/contracts/lib/SafeMath.sol","s":{"1":6,"2":6,"3":6,"4":0,"5":0,"6":75,"7":75,"8":149,"9":149,"10":149},"b":{"1":[6,0],"2":[75,0],"3":[149,0]},"f":{"1":6,"2":0,"3":75,"4":149},"fnMap":{"1":{"name":"mul","line":14,"loc":{"start":{"line":14,"column":2},"end":{"line":14,"column":68}}},"2":{"name":"div","line":20,"loc":{"start":{"line":20,"column":2},"end":{"line":20,"column":68}}},"3":{"name":"sub","line":27,"loc":{"start":{"line":27,"column":2},"end":{"line":27,"column":68}}},"4":{"name":"add","line":32,"loc":{"start":{"line":32,"column":2},"end":{"line":32,"column":68}}}},"statementMap":{"1":{"start":{"line":15,"column":4},"end":{"line":15,"column":20}},"2":{"start":{"line":16,"column":4},"end":{"line":16,"column":31}},"3":{"start":{"line":17,"column":4},"end":{"line":17,"column":12}},"4":{"start":{"line":22,"column":4},"end":{"line":22,"column":20}},"5":{"start":{"line":24,"column":4},"end":{"line":24,"column":12}},"6":{"start":{"line":28,"column":4},"end":{"line":28,"column":17}},"7":{"start":{"line":29,"column":4},"end":{"line":29,"column":16}},"8":{"start":{"line":33,"column":4},"end":{"line":33,"column":20}},"9":{"start":{"line":34,"column":4},"end":{"line":34,"column":17}},"10":{"start":{"line":35,"column":4},"end":{"line":35,"column":12}}},"branchMap":{"1":{"line":16,"type":"if","locations":[{"start":{"line":16,"column":4},"end":{"line":16,"column":4}},{"start":{"line":16,"column":4},"end":{"line":16,"column":4}}]},"2":{"line":28,"type":"if","locations":[{"start":{"line":28,"column":4},"end":{"line":28,"column":4}},{"start":{"line":28,"column":4},"end":{"line":28,"column":4}}]},"3":{"line":34,"type":"if","locations":[{"start":{"line":34,"column":4},"end":{"line":34,"column":4}},{"start":{"line":34,"column":4},"end":{"line":34,"column":4}}]}}},"contracts/lib/StringsLib.sol":{"l":{"10":0,"11":0,"12":0,"13":0,"14":0,"15":0,"16":0,"19":0,"20":0,"21":0,"23":0},"path":"/Users/ahiatsevich/Development/chronobank/LXsidechain-sc/contracts/lib/StringsLib.sol","s":{"1":0,"2":0,"3":0,"4":0,"5":0,"6":0,"7":0,"8":0,"9":0,"10":0},"b":{"1":[0,0]},"f":{"1":0},"fnMap":{"1":{"name":"bytes32ToString","line":9,"loc":{"start":{"line":9,"column":4},"end":{"line":9,"column":68}}}},"statementMap":{"1":{"start":{"line":10,"column":8},"end":{"line":10,"column":47}},"2":{"start":{"line":11,"column":8},"end":{"line":11,"column":25}},"3":{"start":{"line":12,"column":8},"end":{"line":12,"column":305}},"4":{"start":{"line":13,"column":12},"end":{"line":13,"column":60}},"5":{"start":{"line":14,"column":12},"end":{"line":14,"column":416}},"6":{"start":{"line":15,"column":16},"end":{"line":15,"column":44}},"7":{"start":{"line":19,"column":8},"end":{"line":19,"column":61}},"8":{"start":{"line":20,"column":8},"end":{"line":20,"column":601}},"9":{"start":{"line":21,"column":12},"end":{"line":21,"column":49}},"10":{"start":{"line":23,"column":8},"end":{"line":23,"column":41}}},"branchMap":{"1":{"line":14,"type":"if","locations":[{"start":{"line":14,"column":12},"end":{"line":14,"column":12}},{"start":{"line":14,"column":12},"end":{"line":14,"column":12}}]}}},"contracts/migration/Migrations.sol":{"l":{"9":0,"13":1,"17":0,"21":0,"22":0},"path":"/Users/ahiatsevich/Development/chronobank/LXsidechain-sc/contracts/migration/Migrations.sol","s":{"1":0,"2":1,"3":0,"4":0},"b":{"1":[0,0]},"f":{"1":0,"2":1,"3":0,"4":0},"fnMap":{"1":{"name":"restricted","line":8,"loc":{"start":{"line":8,"column":4},"end":{"line":8,"column":23}}},"2":{"name":null,"line":12,"loc":{"start":{"line":12,"column":4},"end":{"line":12,"column":22}}},"3":{"name":"setCompleted","line":16,"loc":{"start":{"line":16,"column":4},"end":{"line":16,"column":57}}},"4":{"name":"upgrade","line":20,"loc":{"start":{"line":20,"column":4},"end":{"line":20,"column":57}}}},"statementMap":{"1":{"start":{"line":9,"column":8},"end":{"line":9,"column":34}},"2":{"start":{"line":13,"column":8},"end":{"line":13,"column":25}},"3":{"start":{"line":17,"column":8},"end":{"line":17,"column":43}},"4":{"start":{"line":21,"column":8},"end":{"line":21,"column":52}}},"branchMap":{"1":{"line":9,"type":"if","locations":[{"start":{"line":9,"column":8},"end":{"line":9,"column":8}},{"start":{"line":9,"column":8},"end":{"line":9,"column":8}}]}}},"contracts/platform/ChronoBankAsset.sol":{"l":{"43":19,"44":19,"50":18,"51":18,"57":39,"58":39,"64":0,"65":0,"66":0,"76":1,"77":0,"79":1,"80":1,"85":0,"86":0,"91":0,"92":0,"93":0,"94":0,"96":0,"101":0,"102":0,"103":0,"104":0,"106":0,"112":0,"113":0,"114":0,"120":0,"121":0,"122":0,"139":17,"158":17,"176":1,"197":1,"205":1,"217":1,"221":0,"225":0,"229":0,"233":0,"237":0,"241":0,"245":0,"249":0},"path":"/Users/ahiatsevich/Development/chronobank/LXsidechain-sc/contracts/platform/ChronoBankAsset.sol","s":{"1":19,"2":18,"3":39,"4":0,"5":0,"6":1,"7":0,"8":1,"9":1,"10":0,"11":0,"12":0,"13":0,"14":0,"15":0,"16":0,"17":0,"18":0,"19":0,"20":0,"21":0,"22":0,"23":0,"24":0,"25":0,"26":0,"27":17,"28":17,"29":1,"30":1,"31":1,"32":1,"33":0,"34":0,"35":0,"36":0,"37":0,"38":0,"39":0,"40":0},"b":{"1":[19,0],"2":[18,0],"3":[39,0],"4":[0,0],"5":[0,1]},"f":{"1":19,"2":18,"3":39,"4":0,"5":1,"6":0,"7":0,"8":0,"9":0,"10":0,"11":17,"12":17,"13":1,"14":1,"15":1,"16":1,"17":0,"18":0,"19":0,"20":0,"21":0,"22":0,"23":0,"24":0},"fnMap":{"1":{"name":"onlyProxy","line":42,"loc":{"start":{"line":42,"column":4},"end":{"line":42,"column":20}}},"2":{"name":"onlyNotPaused","line":49,"loc":{"start":{"line":49,"column":4},"end":{"line":49,"column":24}}},"3":{"name":"onlyAcceptable","line":56,"loc":{"start":{"line":56,"column":4},"end":{"line":56,"column":43}}},"4":{"name":"onlyAuthorized","line":63,"loc":{"start":{"line":63,"column":4},"end":{"line":63,"column":25}}},"5":{"name":"init","line":75,"loc":{"start":{"line":75,"column":4},"end":{"line":75,"column":65}}},"6":{"name":"eventsHistory","line":84,"loc":{"start":{"line":84,"column":4},"end":{"line":84,"column":56}}},"7":{"name":"restrict","line":90,"loc":{"start":{"line":90,"column":4},"end":{"line":90,"column":82}}},"8":{"name":"unrestrict","line":100,"loc":{"start":{"line":100,"column":4},"end":{"line":100,"column":86}}},"9":{"name":"pause","line":111,"loc":{"start":{"line":111,"column":4},"end":{"line":111,"column":57}}},"10":{"name":"unpause","line":119,"loc":{"start":{"line":119,"column":4},"end":{"line":119,"column":59}}},"11":{"name":"__transferWithReference","line":129,"loc":{"start":{"line":129,"column":4},"end":{"line":138,"column":5}}},"12":{"name":"_transferWithReference","line":146,"loc":{"start":{"line":146,"column":4},"end":{"line":157,"column":5}}},"13":{"name":"__transferFromWithReference","line":165,"loc":{"start":{"line":165,"column":4},"end":{"line":175,"column":5}}},"14":{"name":"_transferFromWithReference","line":183,"loc":{"start":{"line":183,"column":4},"end":{"line":196,"column":5}}},"15":{"name":"__approve","line":204,"loc":{"start":{"line":204,"column":4},"end":{"line":204,"column":100}}},"16":{"name":"_approve","line":211,"loc":{"start":{"line":211,"column":4},"end":{"line":216,"column":5}}},"17":{"name":"_emitRestricted","line":220,"loc":{"start":{"line":220,"column":4},"end":{"line":220,"column":55}}},"18":{"name":"_emitUnrestricted","line":224,"loc":{"start":{"line":224,"column":4},"end":{"line":224,"column":59}}},"19":{"name":"_emitPaused","line":228,"loc":{"start":{"line":228,"column":4},"end":{"line":228,"column":32}}},"20":{"name":"_emitUnpaused","line":232,"loc":{"start":{"line":232,"column":4},"end":{"line":232,"column":34}}},"21":{"name":"emitRestricted","line":236,"loc":{"start":{"line":236,"column":4},"end":{"line":236,"column":70}}},"22":{"name":"emitUnrestricted","line":240,"loc":{"start":{"line":240,"column":4},"end":{"line":240,"column":74}}},"23":{"name":"emitPaused","line":244,"loc":{"start":{"line":244,"column":4},"end":{"line":244,"column":45}}},"24":{"name":"emitUnpaused","line":248,"loc":{"start":{"line":248,"column":4},"end":{"line":248,"column":47}}}},"statementMap":{"1":{"start":{"line":43,"column":8},"end":{"line":43,"column":1484}},"2":{"start":{"line":50,"column":8},"end":{"line":50,"column":1634}},"3":{"start":{"line":57,"column":8},"end":{"line":57,"column":1816}},"4":{"start":{"line":64,"column":8},"end":{"line":64,"column":83}},"5":{"start":{"line":65,"column":8},"end":{"line":65,"column":2057}},"6":{"start":{"line":76,"column":8},"end":{"line":76,"column":2433}},"7":{"start":{"line":77,"column":12},"end":{"line":77,"column":24}},"8":{"start":{"line":79,"column":8},"end":{"line":79,"column":21}},"9":{"start":{"line":80,"column":8},"end":{"line":80,"column":19}},"10":{"start":{"line":85,"column":8},"end":{"line":85,"column":83}},"11":{"start":{"line":86,"column":8},"end":{"line":86,"column":94}},"12":{"start":{"line":91,"column":8},"end":{"line":91,"column":3030}},"13":{"start":{"line":92,"column":12},"end":{"line":92,"column":46}},"14":{"start":{"line":93,"column":12},"end":{"line":93,"column":39}},"15":{"start":{"line":94,"column":12},"end":{"line":94,"column":38}},"16":{"start":{"line":96,"column":8},"end":{"line":96,"column":19}},"17":{"start":{"line":101,"column":8},"end":{"line":101,"column":3412}},"18":{"start":{"line":102,"column":12},"end":{"line":102,"column":50}},"19":{"start":{"line":104,"column":12},"end":{"line":104,"column":42}},"20":{"start":{"line":106,"column":8},"end":{"line":106,"column":19}},"21":{"start":{"line":112,"column":8},"end":{"line":112,"column":20}},"22":{"start":{"line":113,"column":8},"end":{"line":113,"column":20}},"23":{"start":{"line":114,"column":8},"end":{"line":114,"column":19}},"24":{"start":{"line":120,"column":8},"end":{"line":120,"column":21}},"25":{"start":{"line":121,"column":8},"end":{"line":121,"column":22}},"26":{"start":{"line":122,"column":8},"end":{"line":122,"column":19}},"27":{"start":{"line":139,"column":8},"end":{"line":139,"column":71}},"28":{"start":{"line":158,"column":8},"end":{"line":158,"column":78}},"29":{"start":{"line":176,"column":8},"end":{"line":176,"column":82}},"30":{"start":{"line":197,"column":8},"end":{"line":197,"column":89}},"31":{"start":{"line":205,"column":8},"end":{"line":205,"column":50}},"32":{"start":{"line":217,"column":8},"end":{"line":217,"column":57}},"33":{"start":{"line":221,"column":8},"end":{"line":221,"column":39}},"34":{"start":{"line":225,"column":8},"end":{"line":225,"column":39}},"35":{"start":{"line":229,"column":8},"end":{"line":229,"column":39}},"36":{"start":{"line":233,"column":8},"end":{"line":233,"column":39}},"37":{"start":{"line":237,"column":8},"end":{"line":237,"column":45}},"38":{"start":{"line":241,"column":8},"end":{"line":241,"column":49}},"39":{"start":{"line":245,"column":8},"end":{"line":245,"column":28}},"40":{"start":{"line":249,"column":8},"end":{"line":249,"column":30}}},"branchMap":{"1":{"line":43,"type":"if","locations":[{"start":{"line":43,"column":8},"end":{"line":43,"column":8}},{"start":{"line":43,"column":8},"end":{"line":43,"column":8}}]},"2":{"line":50,"type":"if","locations":[{"start":{"line":50,"column":8},"end":{"line":50,"column":8}},{"start":{"line":50,"column":8},"end":{"line":50,"column":8}}]},"3":{"line":57,"type":"if","locations":[{"start":{"line":57,"column":8},"end":{"line":57,"column":8}},{"start":{"line":57,"column":8},"end":{"line":57,"column":8}}]},"4":{"line":65,"type":"if","locations":[{"start":{"line":65,"column":8},"end":{"line":65,"column":8}},{"start":{"line":65,"column":8},"end":{"line":65,"column":8}}]},"5":{"line":76,"type":"if","locations":[{"start":{"line":76,"column":8},"end":{"line":76,"column":8}},{"start":{"line":76,"column":8},"end":{"line":76,"column":8}}]}}},"contracts/platform/ChronoBankAssetInterface.sol":{"l":{"14":0},"path":"/Users/ahiatsevich/Development/chronobank/LXsidechain-sc/contracts/platform/ChronoBankAssetInterface.sol","s":{"1":0},"b":{},"f":{"1":0},"fnMap":{"1":{"name":"__process","line":13,"loc":{"start":{"line":13,"column":4},"end":{"line":13,"column":73}}}},"statementMap":{"1":{"start":{"line":14,"column":8},"end":{"line":14,"column":15}}},"branchMap":{}},"contracts/platform/ChronoBankAssetOwnershipManager.sol":{"l":{},"path":"/Users/ahiatsevich/Development/chronobank/LXsidechain-sc/contracts/platform/ChronoBankAssetOwnershipManager.sol","s":{},"b":{},"f":{},"fnMap":{},"statementMap":{},"branchMap":{}},"contracts/platform/ChronoBankAssetProxy.sol":{"l":{"59":1,"60":0,"63":1,"64":1,"65":1,"66":1,"67":1,"71":1,"78":32,"79":32,"85":1,"86":1,"93":19,"99":0,"106":90,"114":2,"120":0,"128":17,"129":17,"139":0,"140":0,"148":17,"171":17,"180":1,"181":1,"207":1,"215":1,"216":1,"227":1,"233":31,"239":1,"245":0,"269":19,"270":19,"278":38,"284":2,"290":0,"296":0,"306":1,"307":0,"311":1,"312":0,"316":1,"317":1,"318":1,"321":0,"322":0,"324":0,"325":0,"332":0,"333":0,"336":0,"337":0,"338":0,"345":0,"346":0,"349":0,"350":0,"353":0,"354":0,"355":0,"356":0,"363":0,"364":0,"366":0,"367":0,"374":0,"375":0},"path":"/Users/ahiatsevich/Development/chronobank/LXsidechain-sc/contracts/platform/ChronoBankAssetProxy.sol","s":{"1":1,"2":0,"3":1,"4":1,"5":1,"6":1,"7":1,"8":32,"9":1,"10":19,"11":0,"12":90,"13":2,"14":0,"15":17,"16":17,"17":0,"18":0,"19":17,"20":17,"21":1,"22":1,"23":1,"24":1,"25":1,"26":1,"27":31,"28":1,"29":0,"30":19,"31":38,"32":2,"33":0,"34":0,"35":1,"36":0,"37":1,"38":0,"39":1,"40":1,"41":1,"42":0,"43":0,"44":0,"45":0,"46":0,"47":0,"48":0,"49":0,"50":0,"51":0,"52":0,"53":0,"54":0,"55":0,"56":0,"57":0,"58":0,"59":0},"b":{"1":[0,1],"2":[32,0],"3":[1,0],"4":[17,0],"5":[0,0],"6":[1,0],"7":[1,0],"8":[19,0],"9":[0,1],"10":[0,1],"11":[1,0],"12":[0,0],"13":[0,0],"14":[0,0],"15":[0,0]},"f":{"1":1,"2":1,"3":32,"4":1,"5":19,"6":0,"7":90,"8":2,"9":0,"10":17,"11":0,"12":17,"13":17,"14":1,"15":1,"16":1,"17":1,"18":31,"19":1,"20":0,"21":19,"22":38,"23":2,"24":0,"25":0,"26":1,"27":0,"28":0,"29":0,"30":0},"fnMap":{"1":{"name":"init","line":58,"loc":{"start":{"line":58,"column":4},"end":{"line":58,"column":107}}},"2":{"name":"stringToBytes32","line":70,"loc":{"start":{"line":70,"column":4},"end":{"line":70,"column":85}}},"3":{"name":"onlyChronoBankPlatform","line":77,"loc":{"start":{"line":77,"column":4},"end":{"line":77,"column":33}}},"4":{"name":"onlyAssetOwner","line":84,"loc":{"start":{"line":84,"column":4},"end":{"line":84,"column":25}}},"5":{"name":"_getAsset","line":92,"loc":{"start":{"line":92,"column":4},"end":{"line":92,"column":62}}},"6":{"name":"totalSupply","line":98,"loc":{"start":{"line":98,"column":4},"end":{"line":98,"column":51}}},"7":{"name":"balanceOf","line":105,"loc":{"start":{"line":105,"column":4},"end":{"line":105,"column":63}}},"8":{"name":"allowance","line":113,"loc":{"start":{"line":113,"column":4},"end":{"line":113,"column":80}}},"9":{"name":"decimals","line":119,"loc":{"start":{"line":119,"column":4},"end":{"line":119,"column":49}}},"10":{"name":"transfer","line":127,"loc":{"start":{"line":127,"column":4},"end":{"line":127,"column":67}}},"11":{"name":"transferWithReference","line":138,"loc":{"start":{"line":138,"column":4},"end":{"line":138,"column":99}}},"12":{"name":"_transferWithReference","line":147,"loc":{"start":{"line":147,"column":4},"end":{"line":147,"column":102}}},"13":{"name":"__transferWithReference","line":161,"loc":{"start":{"line":161,"column":4},"end":{"line":170,"column":5}}},"14":{"name":"transferFrom","line":179,"loc":{"start":{"line":179,"column":4},"end":{"line":179,"column":86}}},"15":{"name":"__transferFromWithReference","line":196,"loc":{"start":{"line":196,"column":4},"end":{"line":206,"column":5}}},"16":{"name":"approve","line":214,"loc":{"start":{"line":214,"column":4},"end":{"line":214,"column":71}}},"17":{"name":"__approve","line":226,"loc":{"start":{"line":226,"column":4},"end":{"line":226,"column":110}}},"18":{"name":"emitTransfer","line":232,"loc":{"start":{"line":232,"column":4},"end":{"line":232,"column":94}}},"19":{"name":"emitApprove","line":238,"loc":{"start":{"line":238,"column":4},"end":{"line":238,"column":98}}},"20":{"name":null,"line":244,"loc":{"start":{"line":244,"column":4},"end":{"line":244,"column":28}}},"21":{"name":"onlyAccess","line":268,"loc":{"start":{"line":268,"column":4},"end":{"line":268,"column":38}}},"22":{"name":"getVersionFor","line":277,"loc":{"start":{"line":277,"column":4},"end":{"line":277,"column":71}}},"23":{"name":"getLatestVersion","line":283,"loc":{"start":{"line":283,"column":4},"end":{"line":283,"column":59}}},"24":{"name":"getPendingVersion","line":289,"loc":{"start":{"line":289,"column":4},"end":{"line":289,"column":60}}},"25":{"name":"getPendingVersionTimestamp","line":295,"loc":{"start":{"line":295,"column":4},"end":{"line":295,"column":66}}},"26":{"name":"proposeUpgrade","line":304,"loc":{"start":{"line":304,"column":4},"end":{"line":304,"column":83}}},"27":{"name":"purgeUpgrade","line":331,"loc":{"start":{"line":331,"column":4},"end":{"line":331,"column":62}}},"28":{"name":"commitUpgrade","line":344,"loc":{"start":{"line":344,"column":4},"end":{"line":344,"column":48}}},"29":{"name":"optOut","line":362,"loc":{"start":{"line":362,"column":4},"end":{"line":362,"column":41}}},"30":{"name":"optIn","line":373,"loc":{"start":{"line":373,"column":4},"end":{"line":373,"column":40}}}},"statementMap":{"1":{"start":{"line":59,"column":8},"end":{"line":59,"column":2310}},"2":{"start":{"line":60,"column":12},"end":{"line":60,"column":24}},"3":{"start":{"line":63,"column":8},"end":{"line":63,"column":47}},"4":{"start":{"line":64,"column":8},"end":{"line":64,"column":23}},"5":{"start":{"line":65,"column":8},"end":{"line":65,"column":38}},"6":{"start":{"line":66,"column":8},"end":{"line":66,"column":19}},"7":{"start":{"line":67,"column":8},"end":{"line":67,"column":19}},"8":{"start":{"line":78,"column":8},"end":{"line":78,"column":2819}},"9":{"start":{"line":85,"column":8},"end":{"line":85,"column":2996}},"10":{"start":{"line":93,"column":8},"end":{"line":93,"column":57}},"11":{"start":{"line":99,"column":8},"end":{"line":99,"column":51}},"12":{"start":{"line":106,"column":8},"end":{"line":106,"column":57}},"13":{"start":{"line":114,"column":8},"end":{"line":114,"column":66}},"14":{"start":{"line":120,"column":8},"end":{"line":120,"column":48}},"15":{"start":{"line":128,"column":8},"end":{"line":128,"column":4630}},"16":{"start":{"line":129,"column":12},"end":{"line":129,"column":58}},"17":{"start":{"line":139,"column":8},"end":{"line":139,"column":5144}},"18":{"start":{"line":140,"column":12},"end":{"line":140,"column":66}},"19":{"start":{"line":148,"column":8},"end":{"line":148,"column":87}},"20":{"start":{"line":171,"column":8},"end":{"line":171,"column":106}},"21":{"start":{"line":180,"column":8},"end":{"line":180,"column":6699}},"22":{"start":{"line":181,"column":12},"end":{"line":181,"column":94}},"23":{"start":{"line":207,"column":8},"end":{"line":207,"column":117}},"24":{"start":{"line":215,"column":8},"end":{"line":215,"column":7953}},"25":{"start":{"line":216,"column":12},"end":{"line":216,"column":70}},"26":{"start":{"line":227,"column":8},"end":{"line":227,"column":85}},"27":{"start":{"line":233,"column":8},"end":{"line":233,"column":41}},"28":{"start":{"line":239,"column":8},"end":{"line":239,"column":46}},"29":{"start":{"line":245,"column":8},"end":{"line":245,"column":18}},"30":{"start":{"line":269,"column":8},"end":{"line":269,"column":10360}},"31":{"start":{"line":278,"column":8},"end":{"line":278,"column":91}},"32":{"start":{"line":284,"column":8},"end":{"line":284,"column":28}},"33":{"start":{"line":290,"column":8},"end":{"line":290,"column":29}},"34":{"start":{"line":296,"column":8},"end":{"line":296,"column":38}},"35":{"start":{"line":306,"column":8},"end":{"line":306,"column":11890}},"36":{"start":{"line":307,"column":12},"end":{"line":307,"column":24}},"37":{"start":{"line":311,"column":8},"end":{"line":311,"column":12021}},"38":{"start":{"line":312,"column":12},"end":{"line":312,"column":24}},"39":{"start":{"line":316,"column":8},"end":{"line":316,"column":12150}},"40":{"start":{"line":317,"column":12},"end":{"line":317,"column":38}},"41":{"start":{"line":318,"column":12},"end":{"line":318,"column":23}},"42":{"start":{"line":321,"column":8},"end":{"line":321,"column":35}},"43":{"start":{"line":322,"column":8},"end":{"line":322,"column":36}},"44":{"start":{"line":324,"column":8},"end":{"line":324,"column":41}},"45":{"start":{"line":325,"column":8},"end":{"line":325,"column":19}},"46":{"start":{"line":332,"column":8},"end":{"line":332,"column":12607}},"47":{"start":{"line":333,"column":12},"end":{"line":333,"column":24}},"48":{"start":{"line":338,"column":8},"end":{"line":338,"column":19}},"49":{"start":{"line":345,"column":8},"end":{"line":345,"column":13010}},"50":{"start":{"line":346,"column":12},"end":{"line":346,"column":24}},"51":{"start":{"line":349,"column":8},"end":{"line":349,"column":13084}},"52":{"start":{"line":350,"column":12},"end":{"line":350,"column":24}},"53":{"start":{"line":353,"column":8},"end":{"line":353,"column":37}},"54":{"start":{"line":356,"column":8},"end":{"line":356,"column":19}},"55":{"start":{"line":363,"column":8},"end":{"line":363,"column":13543}},"56":{"start":{"line":364,"column":12},"end":{"line":364,"column":24}},"57":{"start":{"line":366,"column":8},"end":{"line":366,"column":52}},"58":{"start":{"line":367,"column":8},"end":{"line":367,"column":19}},"59":{"start":{"line":375,"column":8},"end":{"line":375,"column":19}}},"branchMap":{"1":{"line":59,"type":"if","locations":[{"start":{"line":59,"column":8},"end":{"line":59,"column":8}},{"start":{"line":59,"column":8},"end":{"line":59,"column":8}}]},"2":{"line":78,"type":"if","locations":[{"start":{"line":78,"column":8},"end":{"line":78,"column":8}},{"start":{"line":78,"column":8},"end":{"line":78,"column":8}}]},"3":{"line":85,"type":"if","locations":[{"start":{"line":85,"column":8},"end":{"line":85,"column":8}},{"start":{"line":85,"column":8},"end":{"line":85,"column":8}}]},"4":{"line":128,"type":"if","locations":[{"start":{"line":128,"column":8},"end":{"line":128,"column":8}},{"start":{"line":128,"column":8},"end":{"line":128,"column":8}}]},"5":{"line":139,"type":"if","locations":[{"start":{"line":139,"column":8},"end":{"line":139,"column":8}},{"start":{"line":139,"column":8},"end":{"line":139,"column":8}}]},"6":{"line":180,"type":"if","locations":[{"start":{"line":180,"column":8},"end":{"line":180,"column":8}},{"start":{"line":180,"column":8},"end":{"line":180,"column":8}}]},"7":{"line":215,"type":"if","locations":[{"start":{"line":215,"column":8},"end":{"line":215,"column":8}},{"start":{"line":215,"column":8},"end":{"line":215,"column":8}}]},"8":{"line":269,"type":"if","locations":[{"start":{"line":269,"column":8},"end":{"line":269,"column":8}},{"start":{"line":269,"column":8},"end":{"line":269,"column":8}}]},"9":{"line":306,"type":"if","locations":[{"start":{"line":306,"column":8},"end":{"line":306,"column":8}},{"start":{"line":306,"column":8},"end":{"line":306,"column":8}}]},"10":{"line":311,"type":"if","locations":[{"start":{"line":311,"column":8},"end":{"line":311,"column":8}},{"start":{"line":311,"column":8},"end":{"line":311,"column":8}}]},"11":{"line":316,"type":"if","locations":[{"start":{"line":316,"column":8},"end":{"line":316,"column":8}},{"start":{"line":316,"column":8},"end":{"line":316,"column":8}}]},"12":{"line":332,"type":"if","locations":[{"start":{"line":332,"column":8},"end":{"line":332,"column":8}},{"start":{"line":332,"column":8},"end":{"line":332,"column":8}}]},"13":{"line":345,"type":"if","locations":[{"start":{"line":345,"column":8},"end":{"line":345,"column":8}},{"start":{"line":345,"column":8},"end":{"line":345,"column":8}}]},"14":{"line":349,"type":"if","locations":[{"start":{"line":349,"column":8},"end":{"line":349,"column":8}},{"start":{"line":349,"column":8},"end":{"line":349,"column":8}}]},"15":{"line":363,"type":"if","locations":[{"start":{"line":363,"column":8},"end":{"line":363,"column":8}},{"start":{"line":363,"column":8},"end":{"line":363,"column":8}}]}}},"contracts/platform/ChronoBankAssetProxyInterface.sol":{"l":{},"path":"/Users/ahiatsevich/Development/chronobank/LXsidechain-sc/contracts/platform/ChronoBankAssetProxyInterface.sol","s":{},"b":{},"f":{},"fnMap":{},"statementMap":{},"branchMap":{}},"contracts/platform/ChronoBankAssetWithFee.sol":{"l":{"30":0,"31":0,"32":0,"33":0,"43":0,"44":0,"51":0,"52":0,"55":0,"56":0,"62":0,"76":0,"101":0,"102":0,"117":0,"144":0,"145":0,"155":0,"156":0,"159":0,"169":0,"178":0,"179":0},"path":"/Users/ahiatsevich/Development/chronobank/LXsidechain-sc/contracts/platform/ChronoBankAssetWithFee.sol","s":{"1":0,"2":0,"3":0,"4":0,"5":0,"6":0,"7":0,"8":0,"9":0,"10":0,"11":0,"12":0,"13":0,"14":0,"15":0,"16":0,"17":0,"18":0,"19":0,"20":0,"21":0,"22":0},"b":{"1":[0,0],"2":[0,0],"3":[0,0],"4":[0,0]},"f":{"1":0,"2":0,"3":0,"4":0,"5":0,"6":0,"7":0,"8":0,"9":0,"10":0,"11":0},"fnMap":{"1":{"name":"takeFee","line":29,"loc":{"start":{"line":29,"column":4},"end":{"line":29,"column":92}}},"2":{"name":"setupFee","line":42,"loc":{"start":{"line":42,"column":4},"end":{"line":42,"column":100}}},"3":{"name":"setFeeAddress","line":50,"loc":{"start":{"line":50,"column":4},"end":{"line":50,"column":85}}},"4":{"name":"setFee","line":61,"loc":{"start":{"line":61,"column":4},"end":{"line":61,"column":62}}},"5":{"name":"_transferWithReference","line":67,"loc":{"start":{"line":67,"column":4},"end":{"line":75,"column":5}}},"6":{"name":"_transferWithReference","line":90,"loc":{"start":{"line":90,"column":4},"end":{"line":100,"column":5}}},"7":{"name":"_transferFromWithReference","line":107,"loc":{"start":{"line":107,"column":4},"end":{"line":116,"column":5}}},"8":{"name":"_transferFromWithReference","line":132,"loc":{"start":{"line":132,"column":4},"end":{"line":143,"column":5}}},"9":{"name":"_transferFee","line":154,"loc":{"start":{"line":154,"column":4},"end":{"line":154,"column":99}}},"10":{"name":"_subjectToFees","line":168,"loc":{"start":{"line":168,"column":4},"end":{"line":168,"column":89}}},"11":{"name":"calculateFee","line":177,"loc":{"start":{"line":177,"column":4},"end":{"line":177,"column":63}}}},"statementMap":{"1":{"start":{"line":30,"column":8},"end":{"line":30,"column":964}},"2":{"start":{"line":32,"column":12},"end":{"line":32,"column":1043}},"3":{"start":{"line":33,"column":16},"end":{"line":33,"column":23}},"4":{"start":{"line":43,"column":8},"end":{"line":43,"column":26}},"5":{"start":{"line":44,"column":8},"end":{"line":44,"column":41}},"6":{"start":{"line":51,"column":8},"end":{"line":51,"column":1824}},"7":{"start":{"line":52,"column":12},"end":{"line":52,"column":24}},"8":{"start":{"line":55,"column":8},"end":{"line":55,"column":31}},"9":{"start":{"line":56,"column":8},"end":{"line":56,"column":19}},"10":{"start":{"line":62,"column":8},"end":{"line":62,"column":31}},"11":{"start":{"line":76,"column":8},"end":{"line":76,"column":80}},"12":{"start":{"line":101,"column":8},"end":{"line":101,"column":83}},"13":{"start":{"line":102,"column":8},"end":{"line":102,"column":26}},"14":{"start":{"line":117,"column":8},"end":{"line":117,"column":91}},"15":{"start":{"line":144,"column":8},"end":{"line":144,"column":94}},"16":{"start":{"line":145,"column":8},"end":{"line":145,"column":26}},"17":{"start":{"line":155,"column":8},"end":{"line":155,"column":5456}},"18":{"start":{"line":156,"column":12},"end":{"line":156,"column":23}},"19":{"start":{"line":159,"column":8},"end":{"line":159,"column":123}},"20":{"start":{"line":169,"column":8},"end":{"line":169,"column":6073}},"21":{"start":{"line":178,"column":8},"end":{"line":178,"column":40}},"22":{"start":{"line":179,"column":8},"end":{"line":179,"column":63}}},"branchMap":{"1":{"line":30,"type":"if","locations":[{"start":{"line":30,"column":8},"end":{"line":30,"column":8}},{"start":{"line":30,"column":8},"end":{"line":30,"column":8}}]},"2":{"line":32,"type":"if","locations":[{"start":{"line":32,"column":12},"end":{"line":32,"column":12}},{"start":{"line":32,"column":12},"end":{"line":32,"column":12}}]},"3":{"line":51,"type":"if","locations":[{"start":{"line":51,"column":8},"end":{"line":51,"column":8}},{"start":{"line":51,"column":8},"end":{"line":51,"column":8}}]},"4":{"line":155,"type":"if","locations":[{"start":{"line":155,"column":8},"end":{"line":155,"column":8}},{"start":{"line":155,"column":8},"end":{"line":155,"column":8}}]}}},"contracts/platform/ChronoBankAssetWithFeeProxy.sol":{"l":{},"path":"/Users/ahiatsevich/Development/chronobank/LXsidechain-sc/contracts/platform/ChronoBankAssetWithFeeProxy.sol","s":{},"b":{},"f":{},"fnMap":{},"statementMap":{},"branchMap":{}},"contracts/platform/ChronoBankPlatform.sol":{"l":{"106":0,"107":0,"112":0,"113":0,"119":10,"120":10,"126":3,"127":3,"133":19,"134":19,"140":0,"141":0,"150":0,"151":0,"159":0,"160":0,"168":1,"169":1,"175":0,"182":14,"189":0,"196":0,"203":0,"210":0,"217":0,"225":1,"233":10,"234":10,"241":0,"249":90,"257":108,"264":116,"273":1,"274":1,"275":1,"276":1,"285":0,"286":0,"287":0,"288":0,"297":1,"298":0,"301":1,"302":1,"311":1,"312":0,"315":1,"316":1,"332":0,"333":0,"335":0,"337":0,"338":0,"339":0,"341":0,"342":0,"343":0,"346":0,"347":0,"348":0,"351":0,"352":0,"353":0,"356":0,"358":0,"359":0,"361":0,"364":0,"380":18,"381":18,"383":18,"384":18,"411":18,"412":0,"415":18,"416":0,"419":18,"420":0,"423":18,"424":0,"427":18,"429":18,"430":1,"435":18,"436":18,"437":18,"461":17,"470":31,"474":31,"482":154,"489":22,"490":22,"491":17,"492":17,"493":17,"495":22,"522":1,"553":1,"554":0,"557":1,"558":0,"560":1,"561":1,"563":1,"564":1,"565":1,"567":1,"568":0,"574":1,"575":1,"589":9,"590":0,"592":9,"594":9,"595":0,"598":9,"599":0,"601":9,"602":9,"603":9,"605":9,"606":9,"612":9,"613":9,"614":9,"625":4,"626":0,"628":4,"629":4,"631":4,"632":0,"634":4,"635":4,"637":4,"638":4,"644":4,"645":4,"646":4,"659":0,"660":0,"663":0,"664":0,"666":0,"667":0,"669":0,"670":0,"674":0,"675":0,"683":0,"690":0,"692":0,"693":0,"696":0,"697":0,"700":0,"701":0,"708":0,"709":0,"724":0,"725":0,"729":0,"730":0,"731":0,"735":0,"736":0,"759":1,"760":0,"763":1,"764":0,"768":1,"769":0,"772":1,"777":1,"778":1,"782":1,"784":1,"807":1,"834":1,"843":2,"852":3},"path":"/Users/ahiatsevich/Development/chronobank/LXsidechain-sc/contracts/platform/ChronoBankPlatform.sol","s":{"1":0,"2":0,"3":0,"4":10,"5":3,"6":19,"7":0,"8":0,"9":0,"10":0,"11":1,"12":1,"13":0,"14":14,"15":0,"16":0,"17":0,"18":0,"19":0,"20":1,"21":10,"22":10,"23":0,"24":90,"25":108,"26":116,"27":1,"28":1,"29":1,"30":1,"31":0,"32":0,"33":0,"34":1,"35":0,"36":1,"37":1,"38":1,"39":0,"40":1,"41":1,"42":0,"43":0,"44":0,"45":0,"46":0,"47":0,"48":0,"49":0,"50":0,"51":0,"52":0,"53":0,"54":0,"55":0,"56":0,"57":0,"58":18,"59":18,"60":18,"61":18,"62":18,"63":0,"64":18,"65":0,"66":18,"67":0,"68":18,"69":0,"70":18,"71":18,"72":1,"73":18,"74":18,"75":18,"76":17,"77":31,"78":31,"79":154,"80":22,"81":22,"82":17,"83":17,"84":17,"85":22,"86":1,"87":1,"88":0,"89":1,"90":0,"91":1,"92":1,"93":1,"94":1,"95":1,"96":0,"97":1,"98":1,"99":9,"100":0,"101":9,"102":9,"103":0,"104":9,"105":0,"106":9,"107":9,"108":9,"109":9,"110":9,"111":9,"112":9,"113":9,"114":4,"115":0,"116":4,"117":4,"118":4,"119":0,"120":4,"121":4,"122":4,"123":4,"124":4,"125":4,"126":4,"127":0,"128":0,"129":0,"130":0,"131":0,"132":0,"133":0,"134":0,"135":0,"136":0,"137":0,"138":0,"139":0,"140":0,"141":0,"142":0,"143":0,"144":0,"145":0,"146":0,"147":0,"148":0,"149":0,"150":0,"151":0,"152":0,"153":0,"154":1,"155":0,"156":1,"157":0,"158":1,"159":0,"160":1,"161":1,"162":1,"163":1,"164":1,"165":1,"166":1,"167":2,"168":3},"b":{"1":[0,0],"2":[10,0],"3":[3,0],"4":[19,0],"5":[0,0],"6":[0,1],"7":[0,1],"8":[0,0],"9":[0,0],"10":[0,0],"11":[0,0],"12":[0,0],"13":[18,0],"14":[0,18],"15":[0,18],"16":[0,18],"17":[0,18],"18":[1,17],"19":[31,0],"20":[17,5],"21":[0,1],"22":[0,1],"23":[0,1],"24":[0,9],"25":[0,9],"26":[0,9],"27":[9,0],"28":[0,4],"29":[0,4],"30":[4,0],"31":[0,0],"32":[0,0],"33":[0,0],"34":[0,0],"35":[0,0],"36":[0,1],"37":[0,1],"38":[0,1],"39":[1,0]},"f":{"1":0,"2":0,"3":10,"4":3,"5":19,"6":0,"7":0,"8":0,"9":1,"10":0,"11":14,"12":0,"13":0,"14":0,"15":0,"16":0,"17":1,"18":10,"19":0,"20":90,"21":108,"22":116,"23":1,"24":0,"25":1,"26":1,"27":0,"28":18,"29":18,"30":17,"31":31,"32":154,"33":22,"34":1,"35":1,"36":9,"37":4,"38":0,"39":0,"40":0,"41":0,"42":0,"43":1,"44":1,"45":1,"46":2,"47":3},"fnMap":{"1":{"name":"_error","line":105,"loc":{"start":{"line":105,"column":4},"end":{"line":105,"column":58}}},"2":{"name":"onlyOwner","line":111,"loc":{"start":{"line":111,"column":4},"end":{"line":111,"column":37}}},"3":{"name":"onlyOneOfOwners","line":118,"loc":{"start":{"line":118,"column":4},"end":{"line":118,"column":43}}},"4":{"name":"onlyOneOfContractOwners","line":125,"loc":{"start":{"line":125,"column":4},"end":{"line":125,"column":36}}},"5":{"name":"onlyProxy","line":132,"loc":{"start":{"line":132,"column":4},"end":{"line":132,"column":37}}},"6":{"name":"checkTrust","line":139,"loc":{"start":{"line":139,"column":4},"end":{"line":139,"column":49}}},"7":{"name":"addPartOwner","line":149,"loc":{"start":{"line":149,"column":4},"end":{"line":149,"column":83}}},"8":{"name":"removePartOwner","line":158,"loc":{"start":{"line":158,"column":4},"end":{"line":158,"column":86}}},"9":{"name":"setupEventsHistory","line":167,"loc":{"start":{"line":167,"column":4},"end":{"line":167,"column":103}}},"10":{"name":"symbolsCount","line":174,"loc":{"start":{"line":174,"column":4},"end":{"line":174,"column":52}}},"11":{"name":"isCreated","line":181,"loc":{"start":{"line":181,"column":4},"end":{"line":181,"column":64}}},"12":{"name":"baseUnit","line":188,"loc":{"start":{"line":188,"column":4},"end":{"line":188,"column":64}}},"13":{"name":"name","line":195,"loc":{"start":{"line":195,"column":4},"end":{"line":195,"column":61}}},"14":{"name":"description","line":202,"loc":{"start":{"line":202,"column":4},"end":{"line":202,"column":68}}},"15":{"name":"isReissuable","line":209,"loc":{"start":{"line":209,"column":4},"end":{"line":209,"column":67}}},"16":{"name":"owner","line":216,"loc":{"start":{"line":216,"column":4},"end":{"line":216,"column":63}}},"17":{"name":"isOwner","line":224,"loc":{"start":{"line":224,"column":4},"end":{"line":224,"column":78}}},"18":{"name":"hasAssetRights","line":232,"loc":{"start":{"line":232,"column":4},"end":{"line":232,"column":85}}},"19":{"name":"totalSupply","line":240,"loc":{"start":{"line":240,"column":4},"end":{"line":240,"column":66}}},"20":{"name":"balanceOf","line":248,"loc":{"start":{"line":248,"column":4},"end":{"line":248,"column":81}}},"21":{"name":"_balanceOf","line":256,"loc":{"start":{"line":256,"column":4},"end":{"line":256,"column":81}}},"22":{"name":"_address","line":263,"loc":{"start":{"line":263,"column":4},"end":{"line":263,"column":65}}},"23":{"name":"addAssetPartOwner","line":272,"loc":{"start":{"line":272,"column":4},"end":{"line":272,"column":112}}},"24":{"name":"removeAssetPartOwner","line":284,"loc":{"start":{"line":284,"column":4},"end":{"line":284,"column":115}}},"25":{"name":"setProxy","line":296,"loc":{"start":{"line":296,"column":4},"end":{"line":296,"column":105}}},"26":{"name":"setListener","line":310,"loc":{"start":{"line":310,"column":4},"end":{"line":310,"column":104}}},"27":{"name":"massTransfer","line":327,"loc":{"start":{"line":327,"column":4},"end":{"line":331,"column":5}}},"28":{"name":"_transferDirect","line":372,"loc":{"start":{"line":372,"column":4},"end":{"line":379,"column":5}}},"29":{"name":"_transfer","line":399,"loc":{"start":{"line":399,"column":4},"end":{"line":409,"column":5}}},"30":{"name":"proxyTransferWithReference","line":450,"loc":{"start":{"line":450,"column":4},"end":{"line":460,"column":5}}},"31":{"name":"_proxyTransferEvent","line":469,"loc":{"start":{"line":469,"column":4},"end":{"line":469,"column":95}}},"32":{"name":"getHolderId","line":481,"loc":{"start":{"line":481,"column":4},"end":{"line":481,"column":66}}},"33":{"name":"_createHolderId","line":488,"loc":{"start":{"line":488,"column":4},"end":{"line":488,"column":67}}},"34":{"name":"issueAsset","line":511,"loc":{"start":{"line":511,"column":4},"end":{"line":521,"column":5}}},"35":{"name":"issueAsset","line":539,"loc":{"start":{"line":539,"column":4},"end":{"line":551,"column":5}}},"36":{"name":"reissueAsset","line":587,"loc":{"start":{"line":587,"column":4},"end":{"line":587,"column":100}}},"37":{"name":"revokeAsset","line":623,"loc":{"start":{"line":623,"column":4},"end":{"line":623,"column":74}}},"38":{"name":"changeOwnership","line":658,"loc":{"start":{"line":658,"column":4},"end":{"line":658,"column":103}}},"39":{"name":"isTrusted","line":682,"loc":{"start":{"line":682,"column":4},"end":{"line":682,"column":75}}},"40":{"name":"trust","line":689,"loc":{"start":{"line":689,"column":4},"end":{"line":689,"column":51}}},"41":{"name":"distrust","line":707,"loc":{"start":{"line":707,"column":4},"end":{"line":707,"column":82}}},"42":{"name":"recover","line":722,"loc":{"start":{"line":722,"column":4},"end":{"line":722,"column":108}}},"43":{"name":"_approve","line":749,"loc":{"start":{"line":749,"column":4},"end":{"line":757,"column":5}}},"44":{"name":"proxyApprove","line":797,"loc":{"start":{"line":797,"column":4},"end":{"line":806,"column":5}}},"45":{"name":"proxyTransferFromWithReference","line":822,"loc":{"start":{"line":822,"column":4},"end":{"line":833,"column":5}}},"46":{"name":"allowance","line":842,"loc":{"start":{"line":842,"column":4},"end":{"line":842,"column":97}}},"47":{"name":"_allowance","line":851,"loc":{"start":{"line":851,"column":4},"end":{"line":851,"column":93}}}},"statementMap":{"1":{"start":{"line":106,"column":8},"end":{"line":106,"column":47}},"2":{"start":{"line":107,"column":8},"end":{"line":107,"column":25}},"3":{"start":{"line":112,"column":8},"end":{"line":112,"column":5113}},"4":{"start":{"line":119,"column":8},"end":{"line":119,"column":5316}},"5":{"start":{"line":126,"column":8},"end":{"line":126,"column":5521}},"6":{"start":{"line":133,"column":8},"end":{"line":133,"column":5719}},"7":{"start":{"line":140,"column":8},"end":{"line":140,"column":5904}},"8":{"start":{"line":150,"column":8},"end":{"line":150,"column":36}},"9":{"start":{"line":151,"column":8},"end":{"line":151,"column":17}},"10":{"start":{"line":160,"column":8},"end":{"line":160,"column":17}},"11":{"start":{"line":168,"column":8},"end":{"line":168,"column":37}},"12":{"start":{"line":169,"column":8},"end":{"line":169,"column":17}},"13":{"start":{"line":175,"column":8},"end":{"line":175,"column":29}},"14":{"start":{"line":182,"column":8},"end":{"line":182,"column":41}},"15":{"start":{"line":189,"column":8},"end":{"line":189,"column":39}},"16":{"start":{"line":196,"column":8},"end":{"line":196,"column":35}},"17":{"start":{"line":203,"column":8},"end":{"line":203,"column":42}},"18":{"start":{"line":210,"column":8},"end":{"line":210,"column":43}},"19":{"start":{"line":217,"column":8},"end":{"line":217,"column":50}},"20":{"start":{"line":225,"column":8},"end":{"line":225,"column":83}},"21":{"start":{"line":233,"column":8},"end":{"line":233,"column":42}},"22":{"start":{"line":234,"column":8},"end":{"line":234,"column":112}},"23":{"start":{"line":241,"column":8},"end":{"line":241,"column":42}},"24":{"start":{"line":249,"column":8},"end":{"line":249,"column":56}},"25":{"start":{"line":257,"column":8},"end":{"line":257,"column":57}},"26":{"start":{"line":264,"column":8},"end":{"line":264,"column":38}},"27":{"start":{"line":273,"column":8},"end":{"line":273,"column":50}},"28":{"start":{"line":274,"column":8},"end":{"line":274,"column":50}},"29":{"start":{"line":275,"column":8},"end":{"line":275,"column":47}},"30":{"start":{"line":276,"column":8},"end":{"line":276,"column":17}},"31":{"start":{"line":285,"column":8},"end":{"line":285,"column":46}},"32":{"start":{"line":287,"column":8},"end":{"line":287,"column":47}},"33":{"start":{"line":288,"column":8},"end":{"line":288,"column":17}},"34":{"start":{"line":297,"column":8},"end":{"line":297,"column":12247}},"35":{"start":{"line":298,"column":12},"end":{"line":298,"column":59}},"36":{"start":{"line":301,"column":8},"end":{"line":301,"column":39}},"37":{"start":{"line":302,"column":8},"end":{"line":302,"column":17}},"38":{"start":{"line":311,"column":8},"end":{"line":311,"column":12800}},"39":{"start":{"line":312,"column":12},"end":{"line":312,"column":58}},"40":{"start":{"line":315,"column":8},"end":{"line":315,"column":43}},"41":{"start":{"line":316,"column":8},"end":{"line":316,"column":17}},"42":{"start":{"line":332,"column":8},"end":{"line":332,"column":49}},"43":{"start":{"line":333,"column":8},"end":{"line":333,"column":30}},"44":{"start":{"line":335,"column":8},"end":{"line":335,"column":50}},"45":{"start":{"line":337,"column":8},"end":{"line":337,"column":23}},"46":{"start":{"line":338,"column":8},"end":{"line":338,"column":13688}},"47":{"start":{"line":339,"column":12},"end":{"line":339,"column":35}},"48":{"start":{"line":341,"column":12},"end":{"line":341,"column":13816}},"49":{"start":{"line":342,"column":16},"end":{"line":342,"column":56}},"50":{"start":{"line":346,"column":12},"end":{"line":346,"column":13946}},"51":{"start":{"line":347,"column":16},"end":{"line":347,"column":63}},"52":{"start":{"line":351,"column":12},"end":{"line":351,"column":14110}},"53":{"start":{"line":352,"column":16},"end":{"line":352,"column":66}},"54":{"start":{"line":356,"column":12},"end":{"line":356,"column":58}},"55":{"start":{"line":358,"column":12},"end":{"line":358,"column":62}},"56":{"start":{"line":359,"column":12},"end":{"line":359,"column":51}},"57":{"start":{"line":364,"column":8},"end":{"line":364,"column":28}},"58":{"start":{"line":380,"column":8},"end":{"line":380,"column":102}},"59":{"start":{"line":381,"column":8},"end":{"line":381,"column":98}},"60":{"start":{"line":383,"column":8},"end":{"line":383,"column":15154}},"61":{"start":{"line":384,"column":12},"end":{"line":384,"column":52}},"62":{"start":{"line":411,"column":8},"end":{"line":411,"column":16086}},"63":{"start":{"line":412,"column":12},"end":{"line":412,"column":70}},"64":{"start":{"line":415,"column":8},"end":{"line":415,"column":16239}},"65":{"start":{"line":416,"column":12},"end":{"line":416,"column":60}},"66":{"start":{"line":419,"column":8},"end":{"line":419,"column":16377}},"67":{"start":{"line":420,"column":12},"end":{"line":420,"column":67}},"68":{"start":{"line":423,"column":8},"end":{"line":423,"column":16550}},"69":{"start":{"line":424,"column":12},"end":{"line":424,"column":67}},"70":{"start":{"line":427,"column":8},"end":{"line":427,"column":55}},"71":{"start":{"line":429,"column":8},"end":{"line":429,"column":16805}},"72":{"start":{"line":430,"column":12},"end":{"line":430,"column":132}},"73":{"start":{"line":435,"column":8},"end":{"line":435,"column":47}},"74":{"start":{"line":436,"column":8},"end":{"line":436,"column":59}},"75":{"start":{"line":437,"column":8},"end":{"line":437,"column":17}},"76":{"start":{"line":461,"column":8},"end":{"line":461,"column":119}},"77":{"start":{"line":470,"column":8},"end":{"line":470,"column":18487}},"78":{"start":{"line":474,"column":12},"end":{"line":474,"column":47}},"79":{"start":{"line":482,"column":8},"end":{"line":482,"column":35}},"80":{"start":{"line":489,"column":8},"end":{"line":489,"column":43}},"81":{"start":{"line":490,"column":8},"end":{"line":490,"column":19353}},"82":{"start":{"line":491,"column":12},"end":{"line":491,"column":36}},"83":{"start":{"line":492,"column":12},"end":{"line":492,"column":43}},"84":{"start":{"line":493,"column":12},"end":{"line":493,"column":42}},"85":{"start":{"line":495,"column":8},"end":{"line":495,"column":23}},"86":{"start":{"line":522,"column":8},"end":{"line":522,"column":101}},"87":{"start":{"line":553,"column":8},"end":{"line":553,"column":21439}},"88":{"start":{"line":554,"column":12},"end":{"line":554,"column":90}},"89":{"start":{"line":557,"column":8},"end":{"line":557,"column":21623}},"90":{"start":{"line":558,"column":12},"end":{"line":558,"column":67}},"91":{"start":{"line":560,"column":8},"end":{"line":560,"column":48}},"92":{"start":{"line":561,"column":8},"end":{"line":561,"column":87}},"93":{"start":{"line":564,"column":8},"end":{"line":564,"column":110}},"94":{"start":{"line":565,"column":8},"end":{"line":565,"column":57}},"95":{"start":{"line":567,"column":8},"end":{"line":567,"column":22083}},"96":{"start":{"line":568,"column":12},"end":{"line":568,"column":52}},"97":{"start":{"line":574,"column":8},"end":{"line":574,"column":47}},"98":{"start":{"line":575,"column":8},"end":{"line":575,"column":17}},"99":{"start":{"line":589,"column":8},"end":{"line":589,"column":23044}},"100":{"start":{"line":590,"column":12},"end":{"line":590,"column":60}},"101":{"start":{"line":592,"column":8},"end":{"line":592,"column":44}},"102":{"start":{"line":594,"column":8},"end":{"line":594,"column":23229}},"103":{"start":{"line":595,"column":12},"end":{"line":595,"column":73}},"104":{"start":{"line":598,"column":8},"end":{"line":598,"column":23404}},"105":{"start":{"line":599,"column":12},"end":{"line":599,"column":62}},"106":{"start":{"line":601,"column":8},"end":{"line":601,"column":46}},"107":{"start":{"line":602,"column":8},"end":{"line":602,"column":84}},"108":{"start":{"line":603,"column":8},"end":{"line":603,"column":56}},"109":{"start":{"line":605,"column":8},"end":{"line":605,"column":23736}},"110":{"start":{"line":606,"column":12},"end":{"line":606,"column":52}},"111":{"start":{"line":612,"column":8},"end":{"line":612,"column":47}},"112":{"start":{"line":613,"column":8},"end":{"line":613,"column":56}},"113":{"start":{"line":614,"column":8},"end":{"line":614,"column":17}},"114":{"start":{"line":625,"column":8},"end":{"line":625,"column":24593}},"115":{"start":{"line":626,"column":12},"end":{"line":626,"column":60}},"116":{"start":{"line":628,"column":8},"end":{"line":628,"column":44}},"117":{"start":{"line":629,"column":8},"end":{"line":629,"column":46}},"118":{"start":{"line":631,"column":8},"end":{"line":631,"column":24826}},"119":{"start":{"line":632,"column":12},"end":{"line":632,"column":64}},"120":{"start":{"line":634,"column":8},"end":{"line":634,"column":84}},"121":{"start":{"line":635,"column":8},"end":{"line":635,"column":56}},"122":{"start":{"line":637,"column":8},"end":{"line":637,"column":25105}},"123":{"start":{"line":638,"column":12},"end":{"line":638,"column":52}},"124":{"start":{"line":644,"column":8},"end":{"line":644,"column":47}},"125":{"start":{"line":645,"column":8},"end":{"line":645,"column":56}},"126":{"start":{"line":646,"column":8},"end":{"line":646,"column":17}},"127":{"start":{"line":659,"column":8},"end":{"line":659,"column":26064}},"128":{"start":{"line":660,"column":12},"end":{"line":660,"column":64}},"129":{"start":{"line":663,"column":8},"end":{"line":663,"column":44}},"130":{"start":{"line":664,"column":8},"end":{"line":664,"column":51}},"131":{"start":{"line":666,"column":8},"end":{"line":666,"column":26326}},"132":{"start":{"line":667,"column":12},"end":{"line":667,"column":70}},"133":{"start":{"line":669,"column":8},"end":{"line":669,"column":47}},"134":{"start":{"line":670,"column":8},"end":{"line":670,"column":31}},"135":{"start":{"line":674,"column":8},"end":{"line":674,"column":47}},"136":{"start":{"line":675,"column":8},"end":{"line":675,"column":17}},"137":{"start":{"line":683,"column":8},"end":{"line":683,"column":53}},"138":{"start":{"line":690,"column":8},"end":{"line":690,"column":48}},"139":{"start":{"line":692,"column":8},"end":{"line":692,"column":27445}},"140":{"start":{"line":693,"column":12},"end":{"line":693,"column":70}},"141":{"start":{"line":696,"column":8},"end":{"line":696,"column":27611}},"142":{"start":{"line":697,"column":12},"end":{"line":697,"column":62}},"143":{"start":{"line":700,"column":8},"end":{"line":700,"column":40}},"144":{"start":{"line":701,"column":8},"end":{"line":701,"column":17}},"145":{"start":{"line":708,"column":8},"end":{"line":708,"column":58}},"146":{"start":{"line":709,"column":8},"end":{"line":709,"column":17}},"147":{"start":{"line":724,"column":8},"end":{"line":724,"column":28682}},"148":{"start":{"line":725,"column":12},"end":{"line":725,"column":76}},"149":{"start":{"line":729,"column":8},"end":{"line":729,"column":54}},"150":{"start":{"line":730,"column":8},"end":{"line":730,"column":45}},"151":{"start":{"line":731,"column":8},"end":{"line":731,"column":44}},"152":{"start":{"line":735,"column":8},"end":{"line":735,"column":47}},"153":{"start":{"line":736,"column":8},"end":{"line":736,"column":17}},"154":{"start":{"line":759,"column":8},"end":{"line":759,"column":30015}},"155":{"start":{"line":760,"column":12},"end":{"line":760,"column":66}},"156":{"start":{"line":763,"column":8},"end":{"line":763,"column":30171}},"157":{"start":{"line":764,"column":12},"end":{"line":764,"column":70}},"158":{"start":{"line":768,"column":8},"end":{"line":768,"column":30335}},"159":{"start":{"line":769,"column":12},"end":{"line":769,"column":65}},"160":{"start":{"line":772,"column":8},"end":{"line":772,"column":72}},"161":{"start":{"line":777,"column":8},"end":{"line":777,"column":47}},"162":{"start":{"line":778,"column":8},"end":{"line":778,"column":30901}},"163":{"start":{"line":782,"column":12},"end":{"line":782,"column":47}},"164":{"start":{"line":784,"column":8},"end":{"line":784,"column":17}},"165":{"start":{"line":807,"column":8},"end":{"line":807,"column":93}},"166":{"start":{"line":834,"column":8},"end":{"line":834,"column":117}},"167":{"start":{"line":843,"column":8},"end":{"line":843,"column":77}},"168":{"start":{"line":852,"column":8},"end":{"line":852,"column":64}}},"branchMap":{"1":{"line":112,"type":"if","locations":[{"start":{"line":112,"column":8},"end":{"line":112,"column":8}},{"start":{"line":112,"column":8},"end":{"line":112,"column":8}}]},"2":{"line":119,"type":"if","locations":[{"start":{"line":119,"column":8},"end":{"line":119,"column":8}},{"start":{"line":119,"column":8},"end":{"line":119,"column":8}}]},"3":{"line":126,"type":"if","locations":[{"start":{"line":126,"column":8},"end":{"line":126,"column":8}},{"start":{"line":126,"column":8},"end":{"line":126,"column":8}}]},"4":{"line":133,"type":"if","locations":[{"start":{"line":133,"column":8},"end":{"line":133,"column":8}},{"start":{"line":133,"column":8},"end":{"line":133,"column":8}}]},"5":{"line":140,"type":"if","locations":[{"start":{"line":140,"column":8},"end":{"line":140,"column":8}},{"start":{"line":140,"column":8},"end":{"line":140,"column":8}}]},"6":{"line":297,"type":"if","locations":[{"start":{"line":297,"column":8},"end":{"line":297,"column":8}},{"start":{"line":297,"column":8},"end":{"line":297,"column":8}}]},"7":{"line":311,"type":"if","locations":[{"start":{"line":311,"column":8},"end":{"line":311,"column":8}},{"start":{"line":311,"column":8},"end":{"line":311,"column":8}}]},"8":{"line":332,"type":"if","locations":[{"start":{"line":332,"column":8},"end":{"line":332,"column":8}},{"start":{"line":332,"column":8},"end":{"line":332,"column":8}}]},"9":{"line":333,"type":"if","locations":[{"start":{"line":333,"column":8},"end":{"line":333,"column":8}},{"start":{"line":333,"column":8},"end":{"line":333,"column":8}}]},"10":{"line":341,"type":"if","locations":[{"start":{"line":341,"column":12},"end":{"line":341,"column":12}},{"start":{"line":341,"column":12},"end":{"line":341,"column":12}}]},"11":{"line":346,"type":"if","locations":[{"start":{"line":346,"column":12},"end":{"line":346,"column":12}},{"start":{"line":346,"column":12},"end":{"line":346,"column":12}}]},"12":{"line":351,"type":"if","locations":[{"start":{"line":351,"column":12},"end":{"line":351,"column":12}},{"start":{"line":351,"column":12},"end":{"line":351,"column":12}}]},"13":{"line":383,"type":"if","locations":[{"start":{"line":383,"column":8},"end":{"line":383,"column":8}},{"sta
[...]
:{"line":471,"column":44}},"78":{"start":{"line":475,"column":8},"end":{"line":475,"column":44}},"79":{"start":{"line":479,"column":8},"end":{"line":479,"column":44}},"80":{"start":{"line":483,"column":8},"end":{"line":483,"column":44}},"81":{"start":{"line":487,"column":8},"end":{"line":487,"column":44}},"82":{"start":{"line":491,"column":8},"end":{"line":491,"column":44}},"83":{"start":{"line":495,"column":8},"end":{"line":495,"column":44}},"84":{"start":{"line":499,"column":8},"end":{"line":499,"column":44}},"85":{"start":{"line":503,"column":8},"end":{"line":503,"column":44}},"86":{"start":{"line":504,"column":8},"end":{"line":504,"column":16}}},"branchMap":{"1":{"line":52,"type":"if","locations":[{"start":{"line":52,"column":8},"end":{"line":52,"column":8}},{"start":{"line":52,"column":8},"end":{"line":52,"column":8}}]},"2":{"line":59,"type":"if","locations":[{"start":{"line":59,"column":8},"end":{"line":59,"column":8}},{"start":{"line":59,"column":8},"end":{"line":59,"column":8}}]},"3":{"line":70,"type":"if","locations":[{"start":{"line":70,"column":8},"end":{"line":70,"column":8}},{"start":{"line":70,"column":8},"end":{"line":70,"column":8}}]},"4":{"line":81,"type":"if","locations":[{"start":{"line":81,"column":8},"end":{"line":81,"column":8}},{"start":{"line":81,"column":8},"end":{"line":81,"column":8}}]},"5":{"line":112,"type":"if","locations":[{"start":{"line":112,"column":8},"end":{"line":112,"column":8}},{"start":{"line":112,"column":8},"end":{"line":112,"column":8}}]},"6":{"line":113,"type":"if","locations":[{"start":{"line":113,"column":8},"end":{"line":113,"column":8}},{"start":{"line":113,"column":8},"end":{"line":113,"column":8}}]},"7":{"line":114,"type":"if","locations":[{"start":{"line":114,"column":8},"end":{"line":114,"column":8}},{"start":{"line":114,"column":8},"end":{"line":114,"column":8}}]},"8":{"line":203,"type":"if","locations":[{"start":{"line":203,"column":8},"end":{"line":203,"column":8}},{"start":{"line":203,"column":8},"end":{"line":203,"column":8}}]},"9":{"line":265,"type":"if","locations":[{"start":{"line":265,"column":8},"end":{"line":265,"column":8}},{"start":{"line":265,"column":8},"end":{"line":265,"column":8}}]},"10":{"line":267,"type":"if","locations":[{"start":{"line":267,"column":8},"end":{"line":267,"column":8}},{"start":{"line":267,"column":8},"end":{"line":267,"column":8}}]},"11":{"line":269,"type":"if","locations":[{"start":{"line":269,"column":8},"end":{"line":269,"column":8}},{"start":{"line":269,"column":8},"end":{"line":269,"column":8}}]},"12":{"line":273,"type":"if","locations":[{"start":{"line":273,"column":8},"end":{"line":273,"column":8}},{"start":{"line":273,"column":8},"end":{"line":273,"column":8}}]},"13":{"line":277,"type":"if","locations":[{"start":{"line":277,"column":8},"end":{"line":277,"column":8}},{"start":{"line":277,"column":8},"end":{"line":277,"column":8}}]},"14":{"line":297,"type":"if","locations":[{"start":{"line":297,"column":8},"end":{"line":297,"column":8}},{"start":{"line":297,"column":8},"end":{"line":297,"column":8}}]},"15":{"line":315,"type":"if","locations":[{"start":{"line":315,"column":8},"end":{"line":315,"column":8}},{"start":{"line":315,"column":8},"end":{"line":315,"column":8}}]},"16":{"line":342,"type":"if","locations":[{"start":{"line":342,"column":8},"end":{"line":342,"column":8}},{"start":{"line":342,"column":8},"end":{"line":342,"column":8}}]},"17":{"line":343,"type":"if","locations":[{"start":{"line":343,"column":8},"end":{"line":343,"column":8}},{"start":{"line":343,"column":8},"end":{"line":343,"column":8}}]},"18":{"line":344,"type":"if","locations":[{"start":{"line":344,"column":8},"end":{"line":344,"column":8}},{"start":{"line":344,"column":8},"end":{"line":344,"column":8}}]},"19":{"line":345,"type":"if","locations":[{"start":{"line":345,"column":8},"end":{"line":345,"column":8}},{"start":{"line":345,"column":8},"end":{"line":345,"column":8}}]},"20":{"line":349,"type":"if","locations":[{"start":{"line":349,"column":8},"end":{"line":349,"column":8}},{"start":{"line":349,"column":8},"end":{"line":349,"column":8}}]},"21":{"line":376,"type":"if","locations":[{"start":{"line":376,"column":8},"end":{"line":376,"column":8}},{"start":{"line":376,"column":8},"end":{"line":376,"column":8}}]},"22":{"line":382,"type":"if","locations":[{"start":{"line":382,"column":8},"end":{"line":382,"column":8}},{"start":{"line":382,"column":8},"end":{"line":382,"column":8}}]},"23":{"line":410,"type":"if","locations":[{"start":{"line":410,"column":8},"end":{"line":410,"column":8}},{"start":{"line":410,"column":8},"end":{"line":410,"column":8}}]}}},"contracts/timeholder/TimeHolderEmitter.sol":{"l":{"47":12,"51":8,"55":2,"59":24,"63":35,"67":35,"71":0,"75":4,"79":10},"path":"/Users/ahiatsevich/Development/chronobank/LXsidechain-sc/contracts/timeholder/TimeHolderEmitter.sol","s":{"1":12,"2":8,"3":2,"4":24,"5":35,"6":35,"7":0,"8":4,"9":10},"b":{},"f":{"1":12,"2":8,"3":2,"4":24,"5":35,"6":35,"7":0,"8":4,"9":10},"fnMap":{"1":{"name":"emitWithdrawalRequested","line":46,"loc":{"start":{"line":46,"column":4},"end":{"line":46,"column":126}}},"2":{"name":"emitWithdrawalRequestResolved","line":50,"loc":{"start":{"line":50,"column":4},"end":{"line":50,"column":132}}},"3":{"name":"emitWithdrawalRequestCancelled","line":54,"loc":{"start":{"line":54,"column":4},"end":{"line":54,"column":67}}},"4":{"name":"emitPrimaryMinerChanged","line":58,"loc":{"start":{"line":58,"column":4},"end":{"line":58,"column":67}}},"5":{"name":"emitMinerDeposited","line":62,"loc":{"start":{"line":62,"column":4},"end":{"line":62,"column":95}}},"6":{"name":"emitDeposit","line":66,"loc":{"start":{"line":66,"column":4},"end":{"line":66,"column":70}}},"7":{"name":"emitWithdrawShares","line":70,"loc":{"start":{"line":70,"column":4},"end":{"line":70,"column":95}}},"8":{"name":"emitSharesWhiteListChanged","line":74,"loc":{"start":{"line":74,"column":4},"end":{"line":74,"column":85}}},"9":{"name":"emitError","line":78,"loc":{"start":{"line":78,"column":4},"end":{"line":78,"column":39}}}},"statementMap":{"1":{"start":{"line":47,"column":8},"end":{"line":47,"column":80}},"2":{"start":{"line":51,"column":8},"end":{"line":51,"column":86}},"3":{"start":{"line":55,"column":8},"end":{"line":55,"column":50}},"4":{"start":{"line":59,"column":8},"end":{"line":59,"column":42}},"5":{"start":{"line":63,"column":8},"end":{"line":63,"column":57}},"6":{"start":{"line":67,"column":8},"end":{"line":67,"column":40}},"7":{"start":{"line":71,"column":8},"end":{"line":71,"column":57}},"8":{"start":{"line":75,"column":8},"end":{"line":75,"column":58}},"9":{"start":{"line":79,"column":8},"end":{"line":79,"column":34}}},"branchMap":{}},"contracts/timeholder/TimeHolderInterface.sol":{"l":{},"path":"/Users/ahiatsevich/Development/chronobank/LXsidechain-sc/contracts/timeholder/TimeHolderInterface.sol","s":{},"b":{},"f":{},"fnMap":{},"statementMap":{},"branchMap":{}},"contracts/timeholder/TimeHolderWallet.sol":{"l":{"26":71,"27":71,"31":20,"32":20,"46":0,"47":0,"48":0,"63":36,"78":35,"82":0,"86":0,"87":0},"path":"/Users/ahiatsevich/Development/chronobank/LXsidechain-sc/contracts/timeholder/TimeHolderWallet.sol","s":{"1":71,"2":20,"3":20,"4":0,"5":0,"6":0,"7":36,"8":35,"9":0,"10":0,"11":0},"b":{"1":[71,0],"2":[0,0]},"f":{"1":71,"2":20,"3":0,"4":36,"5":35,"6":0,"7":0},"fnMap":{"1":{"name":"onlyTimeHolder","line":25,"loc":{"start":{"line":25,"column":4},"end":{"line":25,"column":25}}},"2":{"name":"init","line":30,"loc":{"start":{"line":30,"column":4},"end":{"line":30,"column":78}}},"3":{"name":"destroy","line":45,"loc":{"start":{"line":45,"column":4},"end":{"line":45,"column":78}}},"4":{"name":"deposit","line":62,"loc":{"start":{"line":62,"column":4},"end":{"line":62,"column":105}}},"5":{"name":"withdraw","line":77,"loc":{"start":{"line":77,"column":4},"end":{"line":77,"column":104}}},"6":{"name":"withdrawEth","line":81,"loc":{"start":{"line":81,"column":4},"end":{"line":81,"column":91}}},"7":{"name":null,"line":85,"loc":{"start":{"line":85,"column":4},"end":{"line":85,"column":30}}}},"statementMap":{"1":{"start":{"line":26,"column":8},"end":{"line":26,"column":78}},"2":{"start":{"line":31,"column":8},"end":{"line":31,"column":31}},"3":{"start":{"line":32,"column":8},"end":{"line":32,"column":19}},"4":{"start":{"line":46,"column":8},"end":{"line":46,"column":29}},"5":{"start":{"line":47,"column":8},"end":{"line":47,"column":34}},"6":{"start":{"line":48,"column":8},"end":{"line":48,"column":17}},"7":{"start":{"line":63,"column":8},"end":{"line":63,"column":63}},"8":{"start":{"line":78,"column":8},"end":{"line":78,"column":51}},"9":{"start":{"line":82,"column":8},"end":{"line":82,"column":32}},"10":{"start":{"line":86,"column":8},"end":{"line":86,"column":29}},"11":{"start":{"line":87,"column":8},"end":{"line":87,"column":35}}},"branchMap":{"1":{"line":26,"type":"if","locations":[{"start":{"line":26,"column":8},"end":{"line":26,"column":8}},{"start":{"line":26,"column":8},"end":{"line":26,"column":8}}]},"2":{"line":86,"type":"if","locations":[{"start":{"line":86,"column":8},"end":{"line":86,"column":8}},{"start":{"line":86,"column":8},"end":{"line":86,"column":8}}]}}},"contracts/validators/LXValidatorManager.sol":{"l":{"49":0,"50":0,"54":31,"55":31,"59":11,"60":11,"64":18,"65":18,"69":26,"70":26,"76":1,"77":1,"78":1,"80":1,"81":1,"82":1,"89":1,"96":0,"103":0,"104":0,"112":0,"113":0,"121":11,"127":31,"134":31,"135":31,"137":31,"138":31,"147":51,"155":29,"163":31,"171":20,"179":10,"180":4,"183":6,"184":6,"191":62,"192":13,"195":49,"196":0,"199":49,"201":49,"202":26,"203":26,"205":18,"206":18,"214":26,"215":26,"216":26,"224":18,"225":18,"226":18,"227":18,"229":18,"230":18},"path":"/Users/ahiatsevich/Development/chronobank/LXsidechain-sc/contracts/validators/LXValidatorManager.sol","s":{"1":0,"2":31,"3":11,"4":18,"5":26,"6":1,"7":1,"8":1,"9":1,"10":1,"11":1,"12":1,"13":0,"14":0,"15":0,"16":0,"17":0,"18":11,"19":31,"20":31,"21":31,"22":31,"23":31,"24":51,"25":29,"26":31,"27":20,"28":10,"29":4,"30":6,"31":6,"32":62,"33":13,"34":49,"35":0,"36":49,"37":49,"38":26,"39":26,"40":23,"41":18,"42":18,"43":26,"44":26,"45":18,"46":18,"47":18},"b":{"1":[0,0],"2":[31,0],"3":[11,0],"4":[18,0],"5":[26,0],"6":[1,0],"7":[1,0],"8":[1,0],"9":[31,0],"10":[4,6],"11":[13,49],"12":[0,49],"13":[26,23],"14":[18,5]},"f":{"1":0,"2":31,"3":11,"4":18,"5":26,"6":1,"7":1,"8":0,"9":0,"10":0,"11":11,"12":31,"13":31,"14":51,"15":29,"16":31,"17":20,"18":10,"19":62,"20":26,"21":18},"fnMap":{"1":{"name":"onlyAuthorised","line":48,"loc":{"start":{"line":48,"column":4},"end":{"line":48,"column":25}}},"2":{"name":"onlyPlatform","line":53,"loc":{"start":{"line":53,"column":4},"end":{"line":53,"column":25}}},"3":{"name":"onlyValidatorSet","line":58,"loc":{"start":{"line":58,"column":4},"end":{"line":58,"column":27}}},"4":{"name":"onlyPending","line":63,"loc":{"start":{"line":63,"column":4},"end":{"line":63,"column":40}}},"5":{"name":"onlyNotPending","line":68,"loc":{"start":{"line":68,"column":4},"end":{"line":68,"column":43}}},"6":{"name":null,"line":73,"loc":{"start":{"line":73,"column":4},"end":{"line":75,"column":5}}},"7":{"name":"setupEventsHistory","line":85,"loc":{"start":{"line":85,"column":4},"end":{"line":88,"column":5}}},"8":{"name":"setupRewardCoefficient","line":92,"loc":{"start":{"line":92,"column":4},"end":{"line":95,"column":5}}},"9":{"name":"addValidator","line":99,"loc":{"start":{"line":99,"column":4},"end":{"line":102,"column":5}}},"10":{"name":"removeValidator","line":108,"loc":{"start":{"line":108,"column":4},"end":{"line":111,"column":5}}},"11":{"name":"finalizeChange","line":117,"loc":{"start":{"line":117,"column":4},"end":{"line":120,"column":5}}},"12":{"name":"initiateChange","line":124,"loc":{"start":{"line":124,"column":4},"end":{"line":126,"column":5}}},"13":{"name":"onTransfer","line":130,"loc":{"start":{"line":130,"column":4},"end":{"line":133,"column":5}}},"14":{"name":"isPending","line":142,"loc":{"start":{"line":142,"column":4},"end":{"line":146,"column":5}}},"15":{"name":"isValidator","line":150,"loc":{"start":{"line":150,"column":4},"end":{"line":154,"column":5}}},"16":{"name":"getPending","line":158,"loc":{"start":{"line":158,"column":4},"end":{"line":162,"column":5}}},"17":{"name":"getValidators","line":166,"loc":{"start":{"line":166,"column":4},"end":{"line":170,"column":5}}},"18":{"name":"reward","line":174,"loc":{"start":{"line":174,"column":4},"end":{"line":178,"column":5}}},"19":{"name":"_updateValidator","line":187,"loc":{"start":{"line":187,"column":4},"end":{"line":190,"column":5}}},"20":{"name":"_addValidator","line":210,"loc":{"start":{"line":210,"column":4},"end":{"line":213,"column":5}}},"21":{"name":"_removeValidator","line":220,"loc":{"start":{"line":220,"column":4},"end":{"line":223,"column":5}}}},"statementMap":{"1":{"start":{"line":49,"column":8},"end":{"line":49,"column":69}},"2":{"start":{"line":54,"column":8},"end":{"line":54,"column":38}},"3":{"start":{"line":59,"column":8},"end":{"line":59,"column":73}},"4":{"start":{"line":64,"column":8},"end":{"line":64,"column":1799}},"5":{"start":{"line":69,"column":8},"end":{"line":69,"column":1906}},"6":{"start":{"line":76,"column":8},"end":{"line":76,"column":36}},"7":{"start":{"line":77,"column":8},"end":{"line":77,"column":32}},"8":{"start":{"line":78,"column":8},"end":{"line":78,"column":30}},"9":{"start":{"line":80,"column":8},"end":{"line":80,"column":35}},"10":{"start":{"line":81,"column":8},"end":{"line":81,"column":47}},"11":{"start":{"line":82,"column":8},"end":{"line":82,"column":54}},"12":{"start":{"line":89,"column":8},"end":{"line":89,"column":37}},"13":{"start":{"line":96,"column":8},"end":{"line":96,"column":13}},"14":{"start":{"line":103,"column":8},"end":{"line":103,"column":32}},"15":{"start":{"line":104,"column":8},"end":{"line":104,"column":23}},"16":{"start":{"line":112,"column":8},"end":{"line":112,"column":35}},"17":{"start":{"line":113,"column":8},"end":{"line":113,"column":23}},"18":{"start":{"line":121,"column":8},"end":{"line":121,"column":27}},"19":{"start":{"line":127,"column":8},"end":{"line":127,"column":36}},"20":{"start":{"line":134,"column":8},"end":{"line":134,"column":49}},"21":{"start":{"line":135,"column":8},"end":{"line":135,"column":45}},"22":{"start":{"line":137,"column":8},"end":{"line":137,"column":3377}},"23":{"start":{"line":138,"column":12},"end":{"line":138,"column":27}},"24":{"start":{"line":147,"column":8},"end":{"line":147,"column":43}},"25":{"start":{"line":155,"column":8},"end":{"line":155,"column":88}},"26":{"start":{"line":163,"column":8},"end":{"line":163,"column":22}},"27":{"start":{"line":171,"column":8},"end":{"line":171,"column":25}},"28":{"start":{"line":179,"column":8},"end":{"line":179,"column":4107}},"29":{"start":{"line":180,"column":12},"end":{"line":180,"column":20}},"30":{"start":{"line":183,"column":8},"end":{"line":183,"column":51}},"31":{"start":{"line":184,"column":8},"end":{"line":184,"column":29}},"32":{"start":{"line":191,"column":8},"end":{"line":191,"column":4373}},"33":{"start":{"line":192,"column":12},"end":{"line":192,"column":24}},"34":{"start":{"line":195,"column":8},"end":{"line":195,"column":4450}},"35":{"start":{"line":196,"column":12},"end":{"line":196,"column":24}},"36":{"start":{"line":199,"column":8},"end":{"line":199,"column":48}},"37":{"start":{"line":201,"column":8},"end":{"line":201,"column":4580}},"38":{"start":{"line":202,"column":12},"end":{"line":202,"column":34}},"39":{"start":{"line":203,"column":12},"end":{"line":203,"column":25}},"40":{"start":{"line":204,"column":15},"end":{"line":204,"column":4703}},"41":{"start":{"line":205,"column":12},"end":{"line":205,"column":37}},"42":{"start":{"line":206,"column":12},"end":{"line":206,"column":25}},"43":{"start":{"line":214,"column":8},"end":{"line":214,"column":44}},"44":{"start":{"line":215,"column":8},"end":{"line":215,"column":55}},"45":{"start":{"line":224,"column":8},"end":{"line":224,"column":77}},"46":{"start":{"line":225,"column":8},"end":{"line":225,"column":102}},"47":{"start":{"line":230,"column":8},"end":{"line":230,"column":45}}},"branchMap":{"1":{"line":49,"type":"if","locations":[{"start":{"line":49,"column":8},"end":{"line":49,"column":8}},{"start":{"line":49,"column":8},"end":{"line":49,"column":8}}]},"2":{"line":54,"type":"if","locations":[{"start":{"line":54,"column":8},"end":{"line":54,"column":8}},{"start":{"line":54,"column":8},"end":{"line":54,"column":8}}]},"3":{"line":59,"type":"if","locations":[{"start":{"line":59,"column":8},"end":{"line":59,"column":8}},{"start":{"line":59,"column":8},"end":{"line":59,"column":8}}]},"4":{"line":64,"type":"if","locations":[{"start":{"line":64,"column":8},"end":{"line":64,"column":8}},{"start":{"line":64,"column":8},"end":{"line":64,"column":8}}]},"5":{"line":69,"type":"if","locations":[{"start":{"line":69,"column":8},"end":{"line":69,"column":8}},{"start":{"line":69,"column":8},"end":{"line":69,"column":8}}]},"6":{"line":76,"type":"if","locations":[{"start":{"line":76,"column":8},"end":{"line":76,"column":8}},{"start":{"line":76,"column":8},"end":{"line":76,"column":8}}]},"7":{"line":77,"type":"if","locations":[{"start":{"line":77,"column":8},"end":{"line":77,"column":8}},{"start":{"line":77,"column":8},"end":{"line":77,"column":8}}]},"8":{"line":78,"type":"if","locations":[{"start":{"line":78,"column":8},"end":{"line":78,"column":8}},{"start":{"line":78,"column":8},"end":{"line":78,"column":8}}]},"9":{"line":137,"type":"if","locations":[{"start":{"line":137,"column":8},"end":{"line":137,"column":8}},{"start":{"line":137,"column":8},"end":{"line":137,"column":8}}]},"10":{"line":179,"type":"if","locations":[{"start":{"line":179,"column":8},"end":{"line":179,"column":8}},{"start":{"line":179,"column":8},"end":{"line":179,"column":8}}]},"11":{"line":191,"type":"if","locations":[{"start":{"line":191,"column":8},"end":{"line":191,"column":8}},{"start":{"line":191,"column":8},"end":{"line":191,"column":8}}]},"12":{"line":195,"type":"if","locations":[{"start":{"line":195,"column":8},"end":{"line":195,"column":8}},{"start":{"line":195,"column":8},"end":{"line":195,"column":8}}]},"13":{"line":201,"type":"if","locations":[{"start":{"line":201,"column":8},"end":{"line":201,"column":8}},{"start":{"line":201,"column":8},"end":{"line":201,"column":8}}]},"14":{"line":204,"type":"if","locations":[{"start":{"line":204,"column":15},"end":{"line":204,"column":15}},{"start":{"line":204,"column":15},"end":{"line":204,"column":15}}]}}},"contracts/validators/LXValidatorSetDelegate.sol":{"l":{"14":0,"15":0,"19":0},"path":"/Users/ahiatsevich/Development/chronobank/LXsidechain-sc/contracts/validators/LXValidatorSetDelegate.sol","s":{"1":0,"2":0},"b":{"1":[0,0]},"f":{"1":0,"2":0,"3":0,"4":0,"5":0,"6":0,"7":0,"8":0,"9":0},"fnMap":{"1":{"name":"onlyValidatorSet","line":13,"loc":{"start":{"line":13,"column":2},"end":{"line":13,"column":29}}},"2":{"name":null,"line":18,"loc":{"start":{"line":18,"column":2},"end":{"line":18,"column":43}}},"3":{"name":"initiateChange","line":22,"loc":{"start":{"line":22,"column":2},"end":{"line":25,"column":3}}},"4":{"name":"iinalizeChange","line":28,"loc":{"start":{"line":28,"column":2},"end":{"line":31,"column":3}}},"5":{"name":"addValidator","line":34,"loc":{"start":{"line":34,"column":2},"end":{"line":37,"column":3}}},"6":{"name":"removeValidator","line":40,"loc":{"start":{"line":40,"column":2},"end":{"line":43,"column":3}}},"7":{"name":"setRecentBlocks","line":46,"loc":{"start":{"line":46,"column":2},"end":{"line":49,"column":3}}},"8":{"name":"reportMalicious","line":52,"loc":{"start":{"line":52,"column":2},"end":{"line":55,"column":3}}},"9":{"name":"reportBenign","line":58,"loc":{"start":{"line":58,"column":2},"end":{"line":61,"column":3}}}},"statementMap":{"1":{"start":{"line":14,"column":6},"end":{"line":14,"column":40}},"2":{"start":{"line":19,"column":4},"end":{"line":19,"column":31}}},"branchMap":{"1":{"line":14,"type":"if","locations":[{"start":{"line":14,"column":6},"end":{"line":14,"column":6}},{"start":{"line":14,"column":6},"end":{"line":14,"column":6}}]}}}}